DEBUG:root:Start T-werte erfassen
DEBUG:root:t-liste sortieren und werte löschen
DEBUG:root:Mittelwerte berechnen
DEBUG:root:Mittelwert 1 in T umrechnen
DEBUG:root:Mittelwert 2 in T umrechnen
DEBUG:root:Zeitpunkt der mittleren temperatur auslesen
DEBUG:root:Start T-werte erfassen
DEBUG:root:t-liste sortieren und werte löschen
DEBUG:root:Mittelwerte berechnen
DEBUG:root:Mittelwert 1 in T umrechnen
DEBUG:root:Mittelwert 2 in T umrechnen
DEBUG:root:Zeitpunkt der mittleren temperatur auslesen
DEBUG:root:Start T-werte erfassen
DEBUG:root:t-liste sortieren und werte löschen
DEBUG:root:Mittelwerte berechnen
DEBUG:root:Mittelwert 1 in T umrechnen
DEBUG:root:Mittelwert 2 in T umrechnen
DEBUG:root:Zeitpunkt der mittleren temperatur auslesen
DEBUG:root:Start T-werte erfassen
DEBUG:root:t-liste sortieren und werte löschen
DEBUG:root:Mittelwerte berechnen
DEBUG:root:Mittelwert 1 in T umrechnen
DEBUG:root:Mittelwert 2 in T umrechnen
DEBUG:root:Zeitpunkt der mittleren temperatur auslesen
DEBUG:root:Start T-werte erfassen
DEBUG:root:t-liste sortieren und werte löschen
DEBUG:root:Mittelwerte berechnen
DEBUG:root:Mittelwert 1 in T umrechnen
DEBUG:root:Mittelwert 2 in T umrechnen
DEBUG:root:Zeitpunkt der mittleren temperatur auslesen
DEBUG:root:Start T-werte erfassen
DEBUG:root:t-liste sortieren und werte löschen
DEBUG:root:Mittelwerte berechnen
DEBUG:root:Mittelwert 1 in T umrechnen
DEBUG:root:Mittelwert 2 in T umrechnen
DEBUG:root:Zeitpunkt der mittleren temperatur auslesen
DEBUG:root:Start T-werte erfassen
DEBUG:root:t-liste sortieren und werte löschen
DEBUG:root:Mittelwerte berechnen
DEBUG:root:Mittelwert 1 in T umrechnen
DEBUG:root:Mittelwert 2 in T umrechnen
DEBUG:root:Zeitpunkt der mittleren temperatur auslesen
DEBUG:root:Start T-werte erfassen
DEBUG:root:t-liste sortieren und werte löschen
DEBUG:root:Mittelwerte berechnen
DEBUG:root:Mittelwert 1 in T umrechnen
DEBUG:root:Mittelwert 2 in T umrechnen
DEBUG:root:Zeitpunkt der mittleren temperatur auslesen
DEBUG:root:Start T-werte erfassen
DEBUG:root:t-liste sortieren und werte löschen
DEBUG:root:Mittelwerte berechnen
DEBUG:root:Mittelwert 1 in T umrechnen
DEBUG:root:Mittelwert 2 in T umrechnen
DEBUG:root:Zeitpunkt der mittleren temperatur auslesen
DEBUG:root:Start T-werte erfassen
DEBUG:root:t-liste sortieren und werte löschen
DEBUG:root:Mittelwerte berechnen
DEBUG:root:Mittelwert 1 in T umrechnen
DEBUG:root:Mittelwert 2 in T umrechnen
DEBUG:root:Zeitpunkt der mittleren temperatur auslesen
DEBUG:root:Start T-werte erfassen
DEBUG:root:t-liste sortieren und werte löschen
DEBUG:root:Mittelwerte berechnen
DEBUG:root:Mittelwert 1 in T umrechnen
DEBUG:root:Mittelwert 2 in T umrechnen
DEBUG:root:Zeitpunkt der mittleren temperatur auslesen
DEBUG:root:Start T-werte erfassen
DEBUG:root:t-liste sortieren und werte löschen
DEBUG:root:Mittelwerte berechnen
DEBUG:root:Mittelwert 1 in T umrechnen
DEBUG:root:Mittelwert 2 in T umrechnen
DEBUG:root:Zeitpunkt der mittleren temperatur auslesen
DEBUG:root:Start T-werte erfassen
DEBUG:root:t-liste sortieren und werte löschen
DEBUG:root:Mittelwerte berechnen
DEBUG:root:Mittelwert 1 in T umrechnen
DEBUG:root:Mittelwert 2 in T umrechnen
DEBUG:root:Zeitpunkt der mittleren temperatur auslesen
DEBUG:root:Start T-werte erfassen
DEBUG:root:t-liste sortieren und werte löschen
DEBUG:root:Mittelwerte berechnen
DEBUG:root:Mittelwert 1 in T umrechnen
DEBUG:root:Mittelwert 2 in T umrechnen
DEBUG:root:Zeitpunkt der mittleren temperatur auslesen
DEBUG:root:Start T-werte erfassen
DEBUG:root:t-liste sortieren und werte löschen
DEBUG:root:Mittelwerte berechnen
DEBUG:root:Mittelwert 1 in T umrechnen
DEBUG:root:Mittelwert 2 in T umrechnen
DEBUG:root:Zeitpunkt der mittleren temperatur auslesen
DEBUG:root:Start T-werte erfassen
DEBUG:root:t-liste sortieren und werte löschen
DEBUG:root:Mittelwerte berechnen
DEBUG:root:Mittelwert 1 in T umrechnen
DEBUG:root:Mittelwert 2 in T umrechnen
DEBUG:root:Zeitpunkt der mittleren temperatur auslesen
DEBUG:root:Start T-werte erfassen
DEBUG:root:t-liste sortieren und werte löschen
DEBUG:root:Mittelwerte berechnen
DEBUG:root:Mittelwert 1 in T umrechnen
DEBUG:root:Mittelwert 2 in T umrechnen
DEBUG:root:Zeitpunkt der mittleren temperatur auslesen
DEBUG:root:Start T-werte erfassen
DEBUG:root:t-liste sortieren und werte löschen
DEBUG:root:Mittelwerte berechnen
DEBUG:root:Mittelwert 1 in T umrechnen
DEBUG:root:Mittelwert 2 in T umrechnen
DEBUG:root:Zeitpunkt der mittleren temperatur auslesen
DEBUG:root:Start T-werte erfassen
DEBUG:root:t-liste sortieren und werte löschen
DEBUG:root:Mittelwerte berechnen
DEBUG:root:Mittelwert 1 in T umrechnen
DEBUG:root:Mittelwert 2 in T umrechnen
DEBUG:root:Zeitpunkt der mittleren temperatur auslesen
DEBUG:root:Start T-werte erfassen
DEBUG:root:t-liste sortieren und werte löschen
DEBUG:root:Mittelwerte berechnen
DEBUG:root:Mittelwert 1 in T umrechnen
DEBUG:root:Mittelwert 2 in T umrechnen
DEBUG:root:Zeitpunkt der mittleren temperatur auslesen
DEBUG:root:Start T-werte erfassen
DEBUG:root:t-liste sortieren und werte löschen
DEBUG:root:Mittelwerte berechnen
DEBUG:root:Mittelwert 1 in T umrechnen
DEBUG:root:Mittelwert 2 in T umrechnen
DEBUG:root:Zeitpunkt der mittleren temperatur auslesen
DEBUG:root:.csv file wird archiviert
DEBUG:root:Start T-werte erfassen
DEBUG:root:t-liste sortieren und werte löschen
DEBUG:root:Mittelwerte berechnen
DEBUG:root:Mittelwert 1 in T umrechnen
DEBUG:root:Mittelwert 2 in T umrechnen
DEBUG:root:Zeitpunkt der mittleren temperatur auslesen
DEBUG:root:Start T-werte erfassen
DEBUG:root:t-liste sortieren und werte löschen
DEBUG:root:Mittelwerte berechnen
DEBUG:root:Mittelwert 1 in T umrechnen
DEBUG:root:Mittelwert 2 in T umrechnen
DEBUG:root:Zeitpunkt der mittleren temperatur auslesen
DEBUG:root:Start T-werte erfassen
DEBUG:root:t-liste sortieren und werte löschen
DEBUG:root:Mittelwerte berechnen
DEBUG:root:Mittelwert 1 in T umrechnen
DEBUG:root:Mittelwert 2 in T umrechnen
DEBUG:root:Zeitpunkt der mittleren temperatur auslesen
DEBUG:root:Start T-werte erfassen
DEBUG:root:t-liste sortieren und werte löschen
DEBUG:root:Mittelwerte berechnen
DEBUG:root:Mittelwert 1 in T umrechnen
DEBUG:root:Mittelwert 2 in T umrechnen
DEBUG:root:Zeitpunkt der mittleren temperatur auslesen
DEBUG:root:Start T-werte erfassen
DEBUG:root:t-liste sortieren und werte löschen
DEBUG:root:Mittelwerte berechnen
DEBUG:root:Mittelwert 1 in T umrechnen
DEBUG:root:Mittelwert 2 in T umrechnen
DEBUG:root:Zeitpunkt der mittleren temperatur auslesen
DEBUG:root:Start T-werte erfassen
DEBUG:root:t-liste sortieren und werte löschen
DEBUG:root:Mittelwerte berechnen
DEBUG:root:Mittelwert 1 in T umrechnen
DEBUG:root:Mittelwert 2 in T umrechnen
DEBUG:root:Zeitpunkt der mittleren temperatur auslesen
DEBUG:root:.csv file wird archiviert
DEBUG:root:Start T-werte erfassen
DEBUG:root:t-liste sortieren und werte löschen
DEBUG:root:Mittelwerte berechnen
DEBUG:root:Mittelwert 1 in T umrechnen
DEBUG:root:Mittelwert 2 in T umrechnen
DEBUG:root:Zeitpunkt der mittleren temperatur auslesen
DEBUG:root:Start T-werte erfassen
DEBUG:root:t-liste sortieren und werte löschen
DEBUG:root:Mittelwerte berechnen
DEBUG:root:Mittelwert 1 in T umrechnen
DEBUG:root:Mittelwert 2 in T umrechnen
DEBUG:root:Zeitpunkt der mittleren temperatur auslesen
DEBUG:root:Start T-werte erfassen
DEBUG:root:t-liste sortieren und werte löschen
DEBUG:root:Mittelwerte berechnen
DEBUG:root:Mittelwert 1 in T umrechnen
DEBUG:root:Mittelwert 2 in T umrechnen
DEBUG:root:Zeitpunkt der mittleren temperatur auslesen
DEBUG:root:Start T-werte erfassen
DEBUG:root:t-liste sortieren und werte löschen
DEBUG:root:Mittelwerte berechnen
DEBUG:root:Mittelwert 1 in T umrechnen
DEBUG:root:Mittelwert 2 in T umrechnen
DEBUG:root:Zeitpunkt der mittleren temperatur auslesen
DEBUG:root:Start T-werte erfassen
DEBUG:root:t-liste sortieren und werte löschen
DEBUG:root:Mittelwerte berechnen
DEBUG:root:Mittelwert 1 in T umrechnen
DEBUG:root:Mittelwert 2 in T umrechnen
DEBUG:root:Zeitpunkt der mittleren temperatur auslesen
DEBUG:root:Start T-werte erfassen
DEBUG:root:t-liste sortieren und werte löschen
DEBUG:root:Mittelwerte berechnen
DEBUG:root:Mittelwert 1 in T umrechnen
DEBUG:root:Mittelwert 2 in T umrechnen
DEBUG:root:Zeitpunkt der mittleren temperatur auslesen
DEBUG:root:Start T-werte erfassen
DEBUG:root:t-liste sortieren und werte löschen
DEBUG:root:Mittelwerte berechnen
DEBUG:root:Mittelwert 1 in T umrechnen
DEBUG:root:Mittelwert 2 in T umrechnen
DEBUG:root:Zeitpunkt der mittleren temperatur auslesen
DEBUG:root:Start T-werte erfassen
DEBUG:root:t-liste sortieren und werte löschen
DEBUG:root:Mittelwerte berechnen
DEBUG:root:Mittelwert 1 in T umrechnen
DEBUG:root:Mittelwert 2 in T umrechnen
DEBUG:root:Zeitpunkt der mittleren temperatur auslesen
DEBUG:root:Start T-werte erfassen
DEBUG:root:t-liste sortieren und werte löschen
DEBUG:root:Mittelwerte berechnen
DEBUG:root:Mittelwert 1 in T umrechnen
DEBUG:root:Mittelwert 2 in T umrechnen
DEBUG:root:Zeitpunkt der mittleren temperatur auslesen
DEBUG:root:Start T-werte erfassen
DEBUG:root:t-liste sortieren und werte löschen
DEBUG:root:Mittelwerte berechnen
DEBUG:root:Mittelwert 1 in T umrechnen
DEBUG:root:Mittelwert 2 in T umrechnen
DEBUG:root:Zeitpunkt der mittleren temperatur auslesen
DEBUG:root:Start T-werte erfassen
DEBUG:root:t-liste sortieren und werte löschen
DEBUG:root:Mittelwerte berechnen
DEBUG:root:Mittelwert 1 in T umrechnen
DEBUG:root:Mittelwert 2 in T umrechnen
DEBUG:root:Zeitpunkt der mittleren temperatur auslesen
DEBUG:root:Start T-werte erfassen
DEBUG:root:t-liste sortieren und werte löschen
DEBUG:root:Mittelwerte berechnen
DEBUG:root:Mittelwert 1 in T umrechnen
DEBUG:root:Mittelwert 2 in T umrechnen
DEBUG:root:Zeitpunkt der mittleren temperatur auslesen
DEBUG:root:Start T-werte erfassen
DEBUG:root:t-liste sortieren und werte löschen
DEBUG:root:Mittelwerte berechnen
DEBUG:root:Mittelwert 1 in T umrechnen
DEBUG:root:Mittelwert 2 in T umrechnen
DEBUG:root:Zeitpunkt der mittleren temperatur auslesen
DEBUG:root:Start T-werte erfassen
DEBUG:root:t-liste sortieren und werte löschen
DEBUG:root:Mittelwerte berechnen
DEBUG:root:Mittelwert 1 in T umrechnen
DEBUG:root:Mittelwert 2 in T umrechnen
DEBUG:root:Zeitpunkt der mittleren temperatur auslesen
DEBUG:root:Start T-werte erfassen
DEBUG:root:t-liste sortieren und werte löschen
DEBUG:root:Mittelwerte berechnen
DEBUG:root:Mittelwert 1 in T umrechnen
DEBUG:root:Mittelwert 2 in T umrechnen
DEBUG:root:Zeitpunkt der mittleren temperatur auslesen
DEBUG:root:Start T-werte erfassen
DEBUG:root:t-liste sortieren und werte löschen
DEBUG:root:Mittelwerte berechnen
DEBUG:root:Mittelwert 1 in T umrechnen
DEBUG:root:Mittelwert 2 in T umrechnen
DEBUG:root:Zeitpunkt der mittleren temperatur auslesen
DEBUG:root:Start T-werte erfassen
DEBUG:root:t-liste sortieren und werte löschen
DEBUG:root:Mittelwerte berechnen
DEBUG:root:Mittelwert 1 in T umrechnen
DEBUG:root:Mittelwert 2 in T umrechnen
DEBUG:root:Zeitpunkt der mittleren temperatur auslesen
DEBUG:root:Start T-werte erfassen
DEBUG:root:t-liste sortieren und werte löschen
DEBUG:root:Mittelwerte berechnen
DEBUG:root:Mittelwert 1 in T umrechnen
DEBUG:root:Mittelwert 2 in T umrechnen
DEBUG:root:Zeitpunkt der mittleren temperatur auslesen
DEBUG:root:Start T-werte erfassen
DEBUG:root:t-liste sortieren und werte löschen
DEBUG:root:Mittelwerte berechnen
DEBUG:root:Mittelwert 1 in T umrechnen
DEBUG:root:Mittelwert 2 in T umrechnen
DEBUG:root:Zeitpunkt der mittleren temperatur auslesen
DEBUG:root:Start T-werte erfassen
DEBUG:root:t-liste sortieren und werte löschen
DEBUG:root:Mittelwerte berechnen
DEBUG:root:Mittelwert 1 in T umrechnen
DEBUG:root:Mittelwert 2 in T umrechnen
DEBUG:root:Zeitpunkt der mittleren temperatur auslesen
DEBUG:root:Start T-werte erfassen
DEBUG:root:t-liste sortieren und werte löschen
DEBUG:root:Mittelwerte berechnen
DEBUG:root:Mittelwert 1 in T umrechnen
DEBUG:root:Mittelwert 2 in T umrechnen
DEBUG:root:Zeitpunkt der mittleren temperatur auslesen
DEBUG:root:Start T-werte erfassen
DEBUG:root:t-liste sortieren und werte löschen
DEBUG:root:Mittelwerte berechnen
DEBUG:root:Mittelwert 1 in T umrechnen
DEBUG:root:Mittelwert 2 in T umrechnen
DEBUG:root:Zeitpunkt der mittleren temperatur auslesen
DEBUG:root:Start T-werte erfassen
DEBUG:root:t-liste sortieren und werte löschen
DEBUG:root:Mittelwerte berechnen
DEBUG:root:Mittelwert 1 in T umrechnen
DEBUG:root:Mittelwert 2 in T umrechnen
DEBUG:root:Zeitpunkt der mittleren temperatur auslesen
DEBUG:root:Start T-werte erfassen
DEBUG:root:t-liste sortieren und werte löschen
DEBUG:root:Mittelwerte berechnen
DEBUG:root:Mittelwert 1 in T umrechnen
DEBUG:root:Mittelwert 2 in T umrechnen
DEBUG:root:Zeitpunkt der mittleren temperatur auslesen
DEBUG:root:Start T-werte erfassen
DEBUG:root:t-liste sortieren und werte löschen
DEBUG:root:Mittelwerte berechnen
DEBUG:root:Mittelwert 1 in T umrechnen
DEBUG:root:Mittelwert 2 in T umrechnen
DEBUG:root:Zeitpunkt der mittleren temperatur auslesen
DEBUG:root:Start T-werte erfassen
DEBUG:root:t-liste sortieren und werte löschen
DEBUG:root:Mittelwerte berechnen
DEBUG:root:Mittelwert 1 in T umrechnen
DEBUG:root:Mittelwert 2 in T umrechnen
DEBUG:root:Zeitpunkt der mittleren temperatur auslesen
DEBUG:root:Start T-werte erfassen
DEBUG:root:t-liste sortieren und werte löschen
DEBUG:root:Mittelwerte berechnen
DEBUG:root:Mittelwert 1 in T umrechnen
DEBUG:root:Mittelwert 2 in T umrechnen
DEBUG:root:Zeitpunkt der mittleren temperatur auslesen
DEBUG:root:Start T-werte erfassen
DEBUG:root:t-liste sortieren und werte löschen
DEBUG:root:Mittelwerte berechnen
DEBUG:root:Mittelwert 1 in T umrechnen
DEBUG:root:Mittelwert 2 in T umrechnen
DEBUG:root:Zeitpunkt der mittleren temperatur auslesen
DEBUG:root:Start T-werte erfassen
