DEBUG:root:LCD clear
DEBUG:root:LCD cursor an Pos1
DEBUG:root:LCD show message
DEBUG:root:Z=0 T_K=0 T_A=0 T_R=50.5
DEBUG:root:Z1 start
DEBUG:root:Z1 ok
DEBUG:root:LCD clear
DEBUG:root:LCD cursor an Pos1
DEBUG:root:LCD show message
DEBUG:root:Z=1 T_K=0 T_A=0 T_R=51.0
DEBUG:root:LCD clear
DEBUG:root:LCD cursor an Pos1
DEBUG:root:LCD show message
DEBUG:root:Z=1 T_K=0 T_A=0 T_R=49.4
DEBUG:root:LCD clear
DEBUG:root:LCD cursor an Pos1
DEBUG:root:LCD show message
DEBUG:root:Z=1 T_K=0 T_A=0 T_R=48.3
DEBUG:root:Start lesen der aktuellen Temperatur 1
DEBUG:root:Stop lesen der aktuellen Temperatur 1
DEBUG:root:Start lesen der aktuellen Temperatur 2
DEBUG:root:Stop lesen der aktuellen Temperatur 2
DEBUG:root:LCD clear
DEBUG:root:LCD cursor an Pos1
DEBUG:root:LCD show message
DEBUG:root:Z=1 T_K=19.83 T_A=17.1 T_R=47.8
DEBUG:root:Start lesen der aktuellen Temperatur 1
DEBUG:root:Stop lesen der aktuellen Temperatur 1
DEBUG:root:Start lesen der aktuellen Temperatur 2
DEBUG:root:Stop lesen der aktuellen Temperatur 2
DEBUG:root:LCD clear
DEBUG:root:LCD cursor an Pos1
DEBUG:root:LCD show message
DEBUG:root:Z=1 T_K=19.83 T_A=17.1 T_R=48.3
DEBUG:root:Start lesen der aktuellen Temperatur 1
DEBUG:root:Stop lesen der aktuellen Temperatur 1
DEBUG:root:Start lesen der aktuellen Temperatur 2
DEBUG:root:Stop lesen der aktuellen Temperatur 2
DEBUG:root:LCD clear
DEBUG:root:LCD cursor an Pos1
DEBUG:root:LCD show message
DEBUG:root:Z=1 T_K=19.83 T_A=17.1 T_R=48.3
DEBUG:root:Start lesen der aktuellen Temperatur 1
DEBUG:root:Stop lesen der aktuellen Temperatur 1
DEBUG:root:Start lesen der aktuellen Temperatur 2
DEBUG:root:Stop lesen der aktuellen Temperatur 2
DEBUG:root:LCD clear
DEBUG:root:LCD cursor an Pos1
DEBUG:root:LCD show message
DEBUG:root:Z=1 T_K=19.83 T_A=17.1 T_R=48.9
DEBUG:root:Start lesen der aktuellen Temperatur 1
DEBUG:root:Stop lesen der aktuellen Temperatur 1
DEBUG:root:Start lesen der aktuellen Temperatur 2
DEBUG:root:Stop lesen der aktuellen Temperatur 2
DEBUG:root:LCD clear
DEBUG:root:LCD cursor an Pos1
DEBUG:root:LCD show message
DEBUG:root:Z=1 T_K=19.83 T_A=17.1 T_R=47.8
DEBUG:root:Start lesen der aktuellen Temperatur 1
DEBUG:root:Stop lesen der aktuellen Temperatur 1
DEBUG:root:Start lesen der aktuellen Temperatur 2
DEBUG:root:Stop lesen der aktuellen Temperatur 2
DEBUG:root:LCD clear
DEBUG:root:LCD cursor an Pos1
DEBUG:root:LCD show message
DEBUG:root:Z=1 T_K=19.83 T_A=16.38 T_R=48.3
DEBUG:root:Start lesen der aktuellen Temperatur 1
DEBUG:root:Stop lesen der aktuellen Temperatur 1
DEBUG:root:Start lesen der aktuellen Temperatur 2
DEBUG:root:Stop lesen der aktuellen Temperatur 2
DEBUG:root:LCD clear
DEBUG:root:LCD cursor an Pos1
DEBUG:root:LCD show message
DEBUG:root:Z=1 T_K=19.83 T_A=16.38 T_R=47.2
DEBUG:root:Start lesen der aktuellen Temperatur 1
DEBUG:root:Stop lesen der aktuellen Temperatur 1
DEBUG:root:Start lesen der aktuellen Temperatur 2
DEBUG:root:Stop lesen der aktuellen Temperatur 2
DEBUG:root:LCD clear
DEBUG:root:LCD cursor an Pos1
DEBUG:root:LCD show message
DEBUG:root:Z=1 T_K=19.83 T_A=16.38 T_R=48.3
DEBUG:root:Start lesen der aktuellen Temperatur 1
DEBUG:root:Stop lesen der aktuellen Temperatur 1
DEBUG:root:Start lesen der aktuellen Temperatur 2
DEBUG:root:Stop lesen der aktuellen Temperatur 2
DEBUG:root:LCD clear
DEBUG:root:LCD cursor an Pos1
DEBUG:root:LCD show message
DEBUG:root:Z=1 T_K=19.83 T_A=16.38 T_R=47.8
DEBUG:root:Start lesen der aktuellen Temperatur 1
DEBUG:root:Stop lesen der aktuellen Temperatur 1
DEBUG:root:Start lesen der aktuellen Temperatur 2
DEBUG:root:Stop lesen der aktuellen Temperatur 2
DEBUG:root:LCD clear
DEBUG:root:LCD cursor an Pos1
DEBUG:root:LCD show message
DEBUG:root:Z=1 T_K=19.83 T_A=16.38 T_R=47.8
DEBUG:root:Start lesen der aktuellen Temperatur 1
DEBUG:root:Stop lesen der aktuellen Temperatur 1
DEBUG:root:Start lesen der aktuellen Temperatur 2
DEBUG:root:Stop lesen der aktuellen Temperatur 2
DEBUG:root:LCD clear
DEBUG:root:LCD cursor an Pos1
DEBUG:root:LCD show message
DEBUG:root:Z=1 T_K=19.54 T_A=16.67 T_R=47.8
DEBUG:root:Start lesen der aktuellen Temperatur 1
DEBUG:root:Stop lesen der aktuellen Temperatur 1
DEBUG:root:Start lesen der aktuellen Temperatur 2
DEBUG:root:Stop lesen der aktuellen Temperatur 2
DEBUG:root:LCD clear
DEBUG:root:LCD cursor an Pos1
DEBUG:root:LCD show message
DEBUG:root:Z=1 T_K=19.54 T_A=16.67 T_R=48.3
DEBUG:root:Start lesen der aktuellen Temperatur 1
DEBUG:root:Stop lesen der aktuellen Temperatur 1
DEBUG:root:Start lesen der aktuellen Temperatur 2
DEBUG:root:Stop lesen der aktuellen Temperatur 2
DEBUG:root:LCD clear
DEBUG:root:LCD cursor an Pos1
DEBUG:root:LCD show message
DEBUG:root:Z=1 T_K=19.54 T_A=16.67 T_R=48.3
DEBUG:root:Start lesen der aktuellen Temperatur 1
DEBUG:root:Stop lesen der aktuellen Temperatur 1
DEBUG:root:Start lesen der aktuellen Temperatur 2
DEBUG:root:Stop lesen der aktuellen Temperatur 2
DEBUG:root:LCD clear
DEBUG:root:LCD cursor an Pos1
DEBUG:root:LCD show message
DEBUG:root:Z=1 T_K=19.54 T_A=16.67 T_R=47.2
DEBUG:root:Start lesen der aktuellen Temperatur 1
DEBUG:root:Stop lesen der aktuellen Temperatur 1
DEBUG:root:Start lesen der aktuellen Temperatur 2
DEBUG:root:Stop lesen der aktuellen Temperatur 2
DEBUG:root:LCD clear
DEBUG:root:LCD cursor an Pos1
DEBUG:root:LCD show message
DEBUG:root:Z=1 T_K=19.54 T_A=16.67 T_R=47.8
DEBUG:root:Start S2_taster aktion
DEBUG:root:Start lesen der aktuellen Temperatur 1
DEBUG:root:Stop lesen der aktuellen Temperatur 1
DEBUG:root:Start lesen der aktuellen Temperatur 2
DEBUG:root:Stop lesen der aktuellen Temperatur 2
DEBUG:root:LCD clear
DEBUG:root:LCD cursor an Pos1
DEBUG:root:LCD show message
DEBUG:root:Z=1 T_K=19.54 T_A=21.72 T_R=47.8
DEBUG:root:Start S2_taster aktion
DEBUG:root:Start lesen der aktuellen Temperatur 1
DEBUG:root:Stop lesen der aktuellen Temperatur 1
DEBUG:root:Start lesen der aktuellen Temperatur 2
DEBUG:root:Stop lesen der aktuellen Temperatur 2
DEBUG:root:LCD clear
DEBUG:root:LCD cursor an Pos1
DEBUG:root:LCD show message
DEBUG:root:Z=1 T_K=19.54 T_A=21.72 T_R=48.3
DEBUG:root:Start lesen der aktuellen Temperatur 1
DEBUG:root:Stop lesen der aktuellen Temperatur 1
DEBUG:root:Start lesen der aktuellen Temperatur 2
DEBUG:root:Stop lesen der aktuellen Temperatur 2
DEBUG:root:LCD clear
DEBUG:root:LCD cursor an Pos1
DEBUG:root:LCD show message
DEBUG:root:Z=1 T_K=19.54 T_A=21.72 T_R=47.2
DEBUG:root:Start lesen der aktuellen Temperatur 1
DEBUG:root:Stop lesen der aktuellen Temperatur 1
DEBUG:root:Start lesen der aktuellen Temperatur 2
DEBUG:root:Stop lesen der aktuellen Temperatur 2
DEBUG:root:LCD clear
DEBUG:root:LCD cursor an Pos1
DEBUG:root:LCD show message
DEBUG:root:Z=1 T_K=19.54 T_A=21.72 T_R=47.8
DEBUG:root:Start lesen der aktuellen Temperatur 1
DEBUG:root:Stop lesen der aktuellen Temperatur 1
DEBUG:root:Start lesen der aktuellen Temperatur 2
DEBUG:root:Stop lesen der aktuellen Temperatur 2
DEBUG:root:LCD clear
DEBUG:root:LCD cursor an Pos1
DEBUG:root:LCD show message
DEBUG:root:Z=1 T_K=19.54 T_A=21.72 T_R=48.3
DEBUG:root:Start lesen der aktuellen Temperatur 1
DEBUG:root:Stop lesen der aktuellen Temperatur 1
DEBUG:root:Start lesen der aktuellen Temperatur 2
DEBUG:root:Stop lesen der aktuellen Temperatur 2
DEBUG:root:LCD clear
DEBUG:root:LCD cursor an Pos1
DEBUG:root:LCD show message
DEBUG:root:Z=1 T_K=19.69 T_A=23.11 T_R=47.8
DEBUG:root:Start lesen der aktuellen Temperatur 1
DEBUG:root:Stop lesen der aktuellen Temperatur 1
DEBUG:root:Start lesen der aktuellen Temperatur 2
DEBUG:root:Stop lesen der aktuellen Temperatur 2
DEBUG:root:LCD clear
DEBUG:root:LCD cursor an Pos1
DEBUG:root:LCD show message
DEBUG:root:Z=1 T_K=19.69 T_A=23.11 T_R=47.2
DEBUG:root:Start lesen der aktuellen Temperatur 1
DEBUG:root:Stop lesen der aktuellen Temperatur 1
DEBUG:root:Start lesen der aktuellen Temperatur 2
DEBUG:root:Stop lesen der aktuellen Temperatur 2
DEBUG:root:LCD clear
DEBUG:root:LCD cursor an Pos1
DEBUG:root:LCD show message
DEBUG:root:Z=1 T_K=19.69 T_A=23.11 T_R=47.2
DEBUG:root:Start lesen der aktuellen Temperatur 1
DEBUG:root:Stop lesen der aktuellen Temperatur 1
DEBUG:root:Start lesen der aktuellen Temperatur 2
DEBUG:root:Stop lesen der aktuellen Temperatur 2
DEBUG:root:LCD clear
DEBUG:root:LCD cursor an Pos1
DEBUG:root:LCD show message
DEBUG:root:Z=1 T_K=19.69 T_A=23.11 T_R=47.8
DEBUG:root:Start lesen der aktuellen Temperatur 1
DEBUG:root:Stop lesen der aktuellen Temperatur 1
DEBUG:root:Start lesen der aktuellen Temperatur 2
DEBUG:root:Stop lesen der aktuellen Temperatur 2
DEBUG:root:LCD clear
DEBUG:root:LCD cursor an Pos1
DEBUG:root:LCD show message
DEBUG:root:Z=1 T_K=19.83 T_A=18.82 T_R=47.2
DEBUG:root:Start lesen der aktuellen Temperatur 1
DEBUG:root:Stop lesen der aktuellen Temperatur 1
DEBUG:root:Start lesen der aktuellen Temperatur 2
DEBUG:root:Stop lesen der aktuellen Temperatur 2
DEBUG:root:LCD clear
DEBUG:root:LCD cursor an Pos1
DEBUG:root:LCD show message
DEBUG:root:Z=1 T_K=19.83 T_A=18.82 T_R=48.3
DEBUG:root:Start lesen der aktuellen Temperatur 1
DEBUG:root:Stop lesen der aktuellen Temperatur 1
DEBUG:root:Start lesen der aktuellen Temperatur 2
DEBUG:root:Stop lesen der aktuellen Temperatur 2
DEBUG:root:LCD clear
DEBUG:root:LCD cursor an Pos1
DEBUG:root:LCD show message
DEBUG:root:Z=1 T_K=19.83 T_A=18.82 T_R=48.3
DEBUG:root:Start lesen der aktuellen Temperatur 1
DEBUG:root:Stop lesen der aktuellen Temperatur 1
DEBUG:root:Start lesen der aktuellen Temperatur 2
DEBUG:root:Stop lesen der aktuellen Temperatur 2
DEBUG:root:LCD clear
DEBUG:root:LCD cursor an Pos1
DEBUG:root:LCD show message
DEBUG:root:Z=1 T_K=19.83 T_A=18.82 T_R=47.2
DEBUG:root:Start lesen der aktuellen Temperatur 1
DEBUG:root:Stop lesen der aktuellen Temperatur 1
DEBUG:root:Start lesen der aktuellen Temperatur 2
DEBUG:root:Stop lesen der aktuellen Temperatur 2
DEBUG:root:LCD clear
DEBUG:root:LCD cursor an Pos1
DEBUG:root:LCD show message
DEBUG:root:Z=1 T_K=19.83 T_A=18.82 T_R=47.8
DEBUG:root:Start lesen der aktuellen Temperatur 1
DEBUG:root:Stop lesen der aktuellen Temperatur 1
DEBUG:root:Start lesen der aktuellen Temperatur 2
DEBUG:root:Stop lesen der aktuellen Temperatur 2
DEBUG:root:LCD clear
DEBUG:root:LCD cursor an Pos1
DEBUG:root:LCD show message
DEBUG:root:Z=1 T_K=19.98 T_A=15.53 T_R=47.8
DEBUG:root:Start lesen der aktuellen Temperatur 1
DEBUG:root:Stop lesen der aktuellen Temperatur 1
DEBUG:root:Start lesen der aktuellen Temperatur 2
DEBUG:root:Stop lesen der aktuellen Temperatur 2
DEBUG:root:LCD clear
DEBUG:root:LCD cursor an Pos1
DEBUG:root:LCD show message
DEBUG:root:Z=1 T_K=19.98 T_A=15.53 T_R=48.3
DEBUG:root:Start lesen der aktuellen Temperatur 1
DEBUG:root:Stop lesen der aktuellen Temperatur 1
DEBUG:root:Start lesen der aktuellen Temperatur 2
DEBUG:root:Stop lesen der aktuellen Temperatur 2
DEBUG:root:LCD clear
DEBUG:root:LCD cursor an Pos1
DEBUG:root:LCD show message
DEBUG:root:Z=1 T_K=19.98 T_A=15.53 T_R=48.9
DEBUG:root:Start lesen der aktuellen Temperatur 1
DEBUG:root:Stop lesen der aktuellen Temperatur 1
DEBUG:root:Start lesen der aktuellen Temperatur 2
DEBUG:root:Stop lesen der aktuellen Temperatur 2
DEBUG:root:LCD clear
DEBUG:root:LCD cursor an Pos1
DEBUG:root:LCD show message
DEBUG:root:Z=1 T_K=19.98 T_A=15.53 T_R=47.8
DEBUG:root:Start S2_taster aktion
DEBUG:root:Start S2_taster aktion
DEBUG:root:Start lesen der aktuellen Temperatur 1
DEBUG:root:Stop lesen der aktuellen Temperatur 1
DEBUG:root:Start lesen der aktuellen Temperatur 2
DEBUG:root:Stop lesen der aktuellen Temperatur 2
DEBUG:root:LCD clear
DEBUG:root:LCD cursor an Pos1
DEBUG:root:LCD show message
DEBUG:root:Z=1 T_K=19.98 T_A=15.53 T_R=48.3
DEBUG:root:Start lesen der aktuellen Temperatur 1
DEBUG:root:Stop lesen der aktuellen Temperatur 1
DEBUG:root:Start lesen der aktuellen Temperatur 2
DEBUG:root:Stop lesen der aktuellen Temperatur 2
DEBUG:root:LCD clear
DEBUG:root:LCD cursor an Pos1
DEBUG:root:LCD show message
DEBUG:root:Z=1 T_K=19.47 T_A=15.46 T_R=47.8
DEBUG:root:Start lesen der aktuellen Temperatur 1
DEBUG:root:Stop lesen der aktuellen Temperatur 1
DEBUG:root:Start lesen der aktuellen Temperatur 2
DEBUG:root:Stop lesen der aktuellen Temperatur 2
DEBUG:root:LCD clear
DEBUG:root:LCD cursor an Pos1
DEBUG:root:LCD show message
DEBUG:root:Z=1 T_K=19.47 T_A=15.46 T_R=48.3
DEBUG:root:Start lesen der aktuellen Temperatur 1
DEBUG:root:Stop lesen der aktuellen Temperatur 1
DEBUG:root:Start lesen der aktuellen Temperatur 2
DEBUG:root:Stop lesen der aktuellen Temperatur 2
DEBUG:root:LCD clear
DEBUG:root:LCD cursor an Pos1
DEBUG:root:LCD show message
DEBUG:root:Z=1 T_K=19.47 T_A=15.46 T_R=48.3
DEBUG:root:Start lesen der aktuellen Temperatur 1
DEBUG:root:Stop lesen der aktuellen Temperatur 1
DEBUG:root:Start lesen der aktuellen Temperatur 2
DEBUG:root:Stop lesen der aktuellen Temperatur 2
DEBUG:root:LCD clear
DEBUG:root:LCD cursor an Pos1
DEBUG:root:LCD show message
DEBUG:root:Z=1 T_K=19.47 T_A=15.46 T_R=48.3
DEBUG:root:Start lesen der aktuellen Temperatur 1
DEBUG:root:Stop lesen der aktuellen Temperatur 1
DEBUG:root:Start lesen der aktuellen Temperatur 2
DEBUG:root:Stop lesen der aktuellen Temperatur 2
DEBUG:root:LCD clear
DEBUG:root:LCD cursor an Pos1
DEBUG:root:LCD show message
DEBUG:root:Z=1 T_K=19.47 T_A=15.46 T_R=48.3
DEBUG:root:Start lesen der aktuellen Temperatur 1
DEBUG:root:Stop lesen der aktuellen Temperatur 1
DEBUG:root:Start lesen der aktuellen Temperatur 2
DEBUG:root:Stop lesen der aktuellen Temperatur 2
DEBUG:root:LCD clear
DEBUG:root:LCD cursor an Pos1
DEBUG:root:LCD show message
DEBUG:root:Z=1 T_K=19.33 T_A=14.89 T_R=48.3
DEBUG:root:Start lesen der aktuellen Temperatur 1
DEBUG:root:Stop lesen der aktuellen Temperatur 1
DEBUG:root:Start lesen der aktuellen Temperatur 2
DEBUG:root:Stop lesen der aktuellen Temperatur 2
DEBUG:root:LCD clear
DEBUG:root:LCD cursor an Pos1
DEBUG:root:LCD show message
DEBUG:root:Z=1 T_K=19.33 T_A=14.89 T_R=48.3
DEBUG:root:Start lesen der aktuellen Temperatur 1
DEBUG:root:Stop lesen der aktuellen Temperatur 1
DEBUG:root:Start lesen der aktuellen Temperatur 2
DEBUG:root:Stop lesen der aktuellen Temperatur 2
DEBUG:root:LCD clear
DEBUG:root:LCD cursor an Pos1
DEBUG:root:LCD show message
DEBUG:root:Z=1 T_K=19.33 T_A=14.89 T_R=48.3
DEBUG:root:Start lesen der aktuellen Temperatur 1
DEBUG:root:Stop lesen der aktuellen Temperatur 1
DEBUG:root:Start lesen der aktuellen Temperatur 2
DEBUG:root:Stop lesen der aktuellen Temperatur 2
DEBUG:root:LCD clear
DEBUG:root:LCD cursor an Pos1
DEBUG:root:LCD show message
DEBUG:root:Z=1 T_K=19.33 T_A=14.89 T_R=48.9
DEBUG:root:Start lesen der aktuellen Temperatur 1
DEBUG:root:Stop lesen der aktuellen Temperatur 1
DEBUG:root:Start lesen der aktuellen Temperatur 2
DEBUG:root:Stop lesen der aktuellen Temperatur 2
DEBUG:root:LCD clear
DEBUG:root:LCD cursor an Pos1
DEBUG:root:LCD show message
DEBUG:root:Z=1 T_K=19.4 T_A=16.38 T_R=48.3
DEBUG:root:Start S2_taster aktion
DEBUG:root:Start lesen der aktuellen Temperatur 1
DEBUG:root:Stop lesen der aktuellen Temperatur 1
DEBUG:root:Start lesen der aktuellen Temperatur 2
DEBUG:root:Stop lesen der aktuellen Temperatur 2
DEBUG:root:LCD clear
DEBUG:root:LCD cursor an Pos1
DEBUG:root:LCD show message
DEBUG:root:Z=1 T_K=19.4 T_A=16.38 T_R=47.8
DEBUG:root:Z2 start
DEBUG:root:Start timer tZ2
DEBUG:root:Z2 ok
DEBUG:root:S4 an
DEBUG:root:Start lesen der aktuellen Temperatur 1
DEBUG:root:Stop lesen der aktuellen Temperatur 1
DEBUG:root:Start lesen der aktuellen Temperatur 2
DEBUG:root:Stop lesen der aktuellen Temperatur 2
DEBUG:root:LCD clear
DEBUG:root:LCD cursor an Pos1
DEBUG:root:LCD show message
DEBUG:root:Z=2 T_K=19.4 T_A=16.38 T_R=48.3
DEBUG:root:Z2 start
DEBUG:root:Z2 ok
DEBUG:root:Start S2_taster aktion
DEBUG:root:Start S2_taster aktion
DEBUG:root:Start S2_taster aktion
DEBUG:root:Start lesen der aktuellen Temperatur 1
DEBUG:root:Stop lesen der aktuellen Temperatur 1
DEBUG:root:Start lesen der aktuellen Temperatur 2
DEBUG:root:Stop lesen der aktuellen Temperatur 2
DEBUG:root:LCD clear
DEBUG:root:LCD cursor an Pos1
DEBUG:root:LCD show message
DEBUG:root:Z=2 T_K=19.4 T_A=16.38 T_R=48.9
DEBUG:root:Start lesen der aktuellen Temperatur 1
DEBUG:root:Stop lesen der aktuellen Temperatur 1
DEBUG:root:Start lesen der aktuellen Temperatur 2
DEBUG:root:Stop lesen der aktuellen Temperatur 2
DEBUG:root:LCD clear
DEBUG:root:LCD cursor an Pos1
DEBUG:root:LCD show message
DEBUG:root:Z=2 T_K=19.25 T_A=16.03 T_R=48.3
DEBUG:root:Start lesen der aktuellen Temperatur 1
DEBUG:root:Stop lesen der aktuellen Temperatur 1
DEBUG:root:Start lesen der aktuellen Temperatur 2
DEBUG:root:Stop lesen der aktuellen Temperatur 2
DEBUG:root:LCD clear
DEBUG:root:LCD cursor an Pos1
DEBUG:root:LCD show message
DEBUG:root:Z=2 T_K=19.25 T_A=16.03 T_R=48.3
DEBUG:root:Start lesen der aktuellen Temperatur 1
DEBUG:root:Stop lesen der aktuellen Temperatur 1
DEBUG:root:Start lesen der aktuellen Temperatur 2
DEBUG:root:Stop lesen der aktuellen Temperatur 2
DEBUG:root:LCD clear
DEBUG:root:LCD cursor an Pos1
DEBUG:root:LCD show message
DEBUG:root:Z=2 T_K=19.25 T_A=16.03 T_R=48.9
DEBUG:root:Start lesen der aktuellen Temperatur 1
DEBUG:root:Stop lesen der aktuellen Temperatur 1
DEBUG:root:Start lesen der aktuellen Temperatur 2
DEBUG:root:Stop lesen der aktuellen Temperatur 2
DEBUG:root:LCD clear
DEBUG:root:LCD cursor an Pos1
DEBUG:root:LCD show message
DEBUG:root:Z=2 T_K=19.25 T_A=16.03 T_R=48.3
DEBUG:root:Start lesen der aktuellen Temperatur 1
DEBUG:root:Stop lesen der aktuellen Temperatur 1
DEBUG:root:Start lesen der aktuellen Temperatur 2
DEBUG:root:Stop lesen der aktuellen Temperatur 2
DEBUG:root:LCD clear
DEBUG:root:LCD cursor an Pos1
DEBUG:root:LCD show message
DEBUG:root:Z=2 T_K=19.25 T_A=16.03 T_R=47.8
DEBUG:root:Start lesen der aktuellen Temperatur 1
DEBUG:root:Stop lesen der aktuellen Temperatur 1
DEBUG:root:Start lesen der aktuellen Temperatur 2
DEBUG:root:Stop lesen der aktuellen Temperatur 2
DEBUG:root:LCD clear
DEBUG:root:LCD cursor an Pos1
DEBUG:root:LCD show message
DEBUG:root:Z=2 T_K=19.4 T_A=15.39 T_R=48.3
DEBUG:root:Start lesen der aktuellen Temperatur 1
DEBUG:root:Stop lesen der aktuellen Temperatur 1
DEBUG:root:Start lesen der aktuellen Temperatur 2
DEBUG:root:Stop lesen der aktuellen Temperatur 2
DEBUG:root:LCD clear
DEBUG:root:LCD cursor an Pos1
DEBUG:root:LCD show message
DEBUG:root:Z=2 T_K=19.4 T_A=15.39 T_R=48.9
DEBUG:root:Start lesen der aktuellen Temperatur 1
DEBUG:root:Stop lesen der aktuellen Temperatur 1
DEBUG:root:Start lesen der aktuellen Temperatur 2
DEBUG:root:Stop lesen der aktuellen Temperatur 2
DEBUG:root:LCD clear
DEBUG:root:LCD cursor an Pos1
DEBUG:root:LCD show message
DEBUG:root:Z=2 T_K=19.4 T_A=15.39 T_R=48.9
DEBUG:root:Start lesen der aktuellen Temperatur 1
DEBUG:root:Stop lesen der aktuellen Temperatur 1
DEBUG:root:Start lesen der aktuellen Temperatur 2
DEBUG:root:Stop lesen der aktuellen Temperatur 2
DEBUG:root:LCD clear
DEBUG:root:LCD cursor an Pos1
DEBUG:root:LCD show message
DEBUG:root:Z=2 T_K=19.4 T_A=15.39 T_R=48.3
DEBUG:root:Start lesen der aktuellen Temperatur 1
DEBUG:root:Stop lesen der aktuellen Temperatur 1
DEBUG:root:Start lesen der aktuellen Temperatur 2
DEBUG:root:Stop lesen der aktuellen Temperatur 2
DEBUG:root:LCD clear
DEBUG:root:LCD cursor an Pos1
DEBUG:root:LCD show message
DEBUG:root:Z=2 T_K=19.4 T_A=15.39 T_R=48.3
DEBUG:root:Start lesen der aktuellen Temperatur 1
DEBUG:root:Stop lesen der aktuellen Temperatur 1
DEBUG:root:Start lesen der aktuellen Temperatur 2
DEBUG:root:Stop lesen der aktuellen Temperatur 2
DEBUG:root:LCD clear
DEBUG:root:LCD cursor an Pos1
DEBUG:root:LCD show message
DEBUG:root:Z=2 T_K=19.47 T_A=14.54 T_R=48.3
DEBUG:root:Start lesen der aktuellen Temperatur 1
DEBUG:root:Stop lesen der aktuellen Temperatur 1
DEBUG:root:Start lesen der aktuellen Temperatur 2
DEBUG:root:Stop lesen der aktuellen Temperatur 2
DEBUG:root:LCD clear
DEBUG:root:LCD cursor an Pos1
DEBUG:root:LCD show message
DEBUG:root:Z=2 T_K=19.47 T_A=14.54 T_R=47.8
DEBUG:root:Start lesen der aktuellen Temperatur 1
DEBUG:root:Stop lesen der aktuellen Temperatur 1
DEBUG:root:Start lesen der aktuellen Temperatur 2
DEBUG:root:Stop lesen der aktuellen Temperatur 2
DEBUG:root:LCD clear
DEBUG:root:LCD cursor an Pos1
DEBUG:root:LCD show message
DEBUG:root:Z=2 T_K=19.47 T_A=14.54 T_R=48.3
DEBUG:root:Start lesen der aktuellen Temperatur 1
DEBUG:root:Stop lesen der aktuellen Temperatur 1
DEBUG:root:Start lesen der aktuellen Temperatur 2
DEBUG:root:Stop lesen der aktuellen Temperatur 2
DEBUG:root:LCD clear
DEBUG:root:LCD cursor an Pos1
DEBUG:root:LCD show message
DEBUG:root:Z=2 T_K=19.47 T_A=14.54 T_R=48.3
DEBUG:root:Start lesen der aktuellen Temperatur 1
DEBUG:root:Stop lesen der aktuellen Temperatur 1
DEBUG:root:Start lesen der aktuellen Temperatur 2
DEBUG:root:Stop lesen der aktuellen Temperatur 2
DEBUG:root:LCD clear
DEBUG:root:LCD cursor an Pos1
DEBUG:root:LCD show message
DEBUG:root:Z=2 T_K=19.47 T_A=14.54 T_R=48.3
DEBUG:root:Start lesen der aktuellen Temperatur 1
DEBUG:root:Stop lesen der aktuellen Temperatur 1
DEBUG:root:Start lesen der aktuellen Temperatur 2
DEBUG:root:Stop lesen der aktuellen Temperatur 2
DEBUG:root:LCD clear
DEBUG:root:LCD cursor an Pos1
DEBUG:root:LCD show message
DEBUG:root:Z=2 T_K=19.54 T_A=17.81 T_R=48.3
DEBUG:root:Start lesen der aktuellen Temperatur 1
DEBUG:root:Stop lesen der aktuellen Temperatur 1
DEBUG:root:Start lesen der aktuellen Temperatur 2
DEBUG:root:Stop lesen der aktuellen Temperatur 2
DEBUG:root:LCD clear
DEBUG:root:LCD cursor an Pos1
DEBUG:root:LCD show message
DEBUG:root:Z=2 T_K=19.54 T_A=17.81 T_R=47.8
DEBUG:root:Start lesen der aktuellen Temperatur 1
DEBUG:root:Stop lesen der aktuellen Temperatur 1
DEBUG:root:Start lesen der aktuellen Temperatur 2
DEBUG:root:Stop lesen der aktuellen Temperatur 2
DEBUG:root:LCD clear
DEBUG:root:LCD cursor an Pos1
DEBUG:root:LCD show message
DEBUG:root:Z=2 T_K=19.54 T_A=17.81 T_R=47.8
DEBUG:root:Start lesen der aktuellen Temperatur 1
DEBUG:root:Stop lesen der aktuellen Temperatur 1
DEBUG:root:Start lesen der aktuellen Temperatur 2
DEBUG:root:Stop lesen der aktuellen Temperatur 2
DEBUG:root:LCD clear
DEBUG:root:LCD cursor an Pos1
DEBUG:root:LCD show message
DEBUG:root:Z=2 T_K=19.54 T_A=17.81 T_R=48.3
DEBUG:root:Start lesen der aktuellen Temperatur 1
DEBUG:root:Stop lesen der aktuellen Temperatur 1
DEBUG:root:Start lesen der aktuellen Temperatur 2
DEBUG:root:Stop lesen der aktuellen Temperatur 2
DEBUG:root:LCD clear
DEBUG:root:LCD cursor an Pos1
DEBUG:root:LCD show message
DEBUG:root:Z=2 T_K=19.54 T_A=17.81 T_R=48.3
DEBUG:root:Start lesen der aktuellen Temperatur 1
DEBUG:root:Stop lesen der aktuellen Temperatur 1
DEBUG:root:Start lesen der aktuellen Temperatur 2
DEBUG:root:Stop lesen der aktuellen Temperatur 2
DEBUG:root:LCD clear
DEBUG:root:LCD cursor an Pos1
DEBUG:root:LCD show message
DEBUG:root:Z=2 T_K=19.54 T_A=22.38 T_R=48.9
DEBUG:root:Start lesen der aktuellen Temperatur 1
DEBUG:root:Stop lesen der aktuellen Temperatur 1
DEBUG:root:Start lesen der aktuellen Temperatur 2
DEBUG:root:Stop lesen der aktuellen Temperatur 2
DEBUG:root:LCD clear
DEBUG:root:LCD cursor an Pos1
DEBUG:root:LCD show message
DEBUG:root:Z=2 T_K=19.54 T_A=22.38 T_R=48.3
DEBUG:root:Start lesen der aktuellen Temperatur 1
DEBUG:root:Stop lesen der aktuellen Temperatur 1
DEBUG:root:Start lesen der aktuellen Temperatur 2
DEBUG:root:Stop lesen der aktuellen Temperatur 2
DEBUG:root:LCD clear
DEBUG:root:LCD cursor an Pos1
DEBUG:root:LCD show message
DEBUG:root:Z=2 T_K=19.54 T_A=22.38 T_R=48.3
DEBUG:root:Start lesen der aktuellen Temperatur 1
DEBUG:root:Stop lesen der aktuellen Temperatur 1
DEBUG:root:Start lesen der aktuellen Temperatur 2
DEBUG:root:Stop lesen der aktuellen Temperatur 2
DEBUG:root:LCD clear
DEBUG:root:LCD cursor an Pos1
DEBUG:root:LCD show message
DEBUG:root:Z=2 T_K=19.54 T_A=22.38 T_R=48.3
DEBUG:root:Start lesen der aktuellen Temperatur 1
DEBUG:root:Stop lesen der aktuellen Temperatur 1
DEBUG:root:Start lesen der aktuellen Temperatur 2
DEBUG:root:Stop lesen der aktuellen Temperatur 2
DEBUG:root:LCD clear
DEBUG:root:LCD cursor an Pos1
DEBUG:root:LCD show message
DEBUG:root:Z=2 T_K=19.54 T_A=22.38 T_R=48.3
DEBUG:root:Start lesen der aktuellen Temperatur 1
DEBUG:root:Stop lesen der aktuellen Temperatur 1
DEBUG:root:Start lesen der aktuellen Temperatur 2
DEBUG:root:Stop lesen der aktuellen Temperatur 2
DEBUG:root:LCD clear
DEBUG:root:LCD cursor an Pos1
DEBUG:root:LCD show message
DEBUG:root:Z=2 T_K=19.33 T_A=19.76 T_R=48.3
DEBUG:root:Start lesen der aktuellen Temperatur 1
DEBUG:root:Stop lesen der aktuellen Temperatur 1
DEBUG:root:Start lesen der aktuellen Temperatur 2
DEBUG:root:Stop lesen der aktuellen Temperatur 2
DEBUG:root:LCD clear
DEBUG:root:LCD cursor an Pos1
DEBUG:root:LCD show message
DEBUG:root:Z=2 T_K=19.33 T_A=19.76 T_R=48.3
DEBUG:root:Start lesen der aktuellen Temperatur 1
DEBUG:root:Stop lesen der aktuellen Temperatur 1
DEBUG:root:Start lesen der aktuellen Temperatur 2
DEBUG:root:Stop lesen der aktuellen Temperatur 2
DEBUG:root:LCD clear
DEBUG:root:LCD cursor an Pos1
DEBUG:root:LCD show message
DEBUG:root:Z=2 T_K=19.33 T_A=19.76 T_R=47.8
DEBUG:root:Start lesen der aktuellen Temperatur 1
DEBUG:root:Stop lesen der aktuellen Temperatur 1
DEBUG:root:Start lesen der aktuellen Temperatur 2
DEBUG:root:Stop lesen der aktuellen Temperatur 2
DEBUG:root:LCD clear
DEBUG:root:LCD cursor an Pos1
DEBUG:root:LCD show message
DEBUG:root:Z=2 T_K=19.33 T_A=19.76 T_R=48.3
DEBUG:root:Start lesen der aktuellen Temperatur 1
DEBUG:root:Stop lesen der aktuellen Temperatur 1
DEBUG:root:Start lesen der aktuellen Temperatur 2
DEBUG:root:Stop lesen der aktuellen Temperatur 2
DEBUG:root:LCD clear
DEBUG:root:LCD cursor an Pos1
DEBUG:root:LCD show message
DEBUG:root:Z=2 T_K=19.33 T_A=15.81 T_R=48.3
DEBUG:root:Start lesen der aktuellen Temperatur 1
DEBUG:root:Stop lesen der aktuellen Temperatur 1
DEBUG:root:Start lesen der aktuellen Temperatur 2
DEBUG:root:Stop lesen der aktuellen Temperatur 2
DEBUG:root:LCD clear
DEBUG:root:LCD cursor an Pos1
DEBUG:root:LCD show message
DEBUG:root:Z=2 T_K=19.33 T_A=15.81 T_R=48.3
DEBUG:root:Start lesen der aktuellen Temperatur 1
DEBUG:root:Stop lesen der aktuellen Temperatur 1
DEBUG:root:Start lesen der aktuellen Temperatur 2
DEBUG:root:Stop lesen der aktuellen Temperatur 2
DEBUG:root:LCD clear
DEBUG:root:LCD cursor an Pos1
DEBUG:root:LCD show message
DEBUG:root:Z=2 T_K=19.33 T_A=15.81 T_R=48.3
DEBUG:root:Start lesen der aktuellen Temperatur 1
DEBUG:root:Stop lesen der aktuellen Temperatur 1
DEBUG:root:Start lesen der aktuellen Temperatur 2
DEBUG:root:Stop lesen der aktuellen Temperatur 2
DEBUG:root:LCD clear
DEBUG:root:LCD cursor an Pos1
DEBUG:root:LCD show message
DEBUG:root:Z=2 T_K=19.33 T_A=15.81 T_R=48.3
DEBUG:root:Start lesen der aktuellen Temperatur 1
DEBUG:root:Stop lesen der aktuellen Temperatur 1
DEBUG:root:Start lesen der aktuellen Temperatur 2
DEBUG:root:Stop lesen der aktuellen Temperatur 2
DEBUG:root:LCD clear
DEBUG:root:LCD cursor an Pos1
DEBUG:root:LCD show message
DEBUG:root:Z=2 T_K=19.33 T_A=15.81 T_R=48.9
DEBUG:root:Start lesen der aktuellen Temperatur 1
DEBUG:root:Stop lesen der aktuellen Temperatur 1
DEBUG:root:Start lesen der aktuellen Temperatur 2
DEBUG:root:Stop lesen der aktuellen Temperatur 2
DEBUG:root:LCD clear
DEBUG:root:LCD cursor an Pos1
DEBUG:root:LCD show message
DEBUG:root:Z=2 T_K=19.61 T_A=14.54 T_R=49.4
DEBUG:root:Start lesen der aktuellen Temperatur 1
DEBUG:root:Stop lesen der aktuellen Temperatur 1
DEBUG:root:Start lesen der aktuellen Temperatur 2
DEBUG:root:Stop lesen der aktuellen Temperatur 2
DEBUG:root:LCD clear
DEBUG:root:LCD cursor an Pos1
DEBUG:root:LCD show message
DEBUG:root:Z=2 T_K=19.61 T_A=14.54 T_R=48.3
DEBUG:root:Start lesen der aktuellen Temperatur 1
DEBUG:root:Stop lesen der aktuellen Temperatur 1
DEBUG:root:Start lesen der aktuellen Temperatur 2
DEBUG:root:Stop lesen der aktuellen Temperatur 2
DEBUG:root:LCD clear
DEBUG:root:LCD cursor an Pos1
DEBUG:root:LCD show message
DEBUG:root:Z=2 T_K=19.61 T_A=14.54 T_R=47.8
DEBUG:root:Start lesen der aktuellen Temperatur 1
DEBUG:root:Stop lesen der aktuellen Temperatur 1
DEBUG:root:Start lesen der aktuellen Temperatur 2
DEBUG:root:Stop lesen der aktuellen Temperatur 2
DEBUG:root:LCD clear
DEBUG:root:LCD cursor an Pos1
DEBUG:root:LCD show message
DEBUG:root:Z=2 T_K=19.61 T_A=14.54 T_R=48.3
DEBUG:root:Start lesen der aktuellen Temperatur 1
DEBUG:root:Stop lesen der aktuellen Temperatur 1
DEBUG:root:Start lesen der aktuellen Temperatur 2
DEBUG:root:Stop lesen der aktuellen Temperatur 2
DEBUG:root:LCD clear
DEBUG:root:LCD cursor an Pos1
DEBUG:root:LCD show message
DEBUG:root:Z=2 T_K=19.76 T_A=19.04 T_R=48.3
DEBUG:root:Start lesen der aktuellen Temperatur 1
DEBUG:root:Stop lesen der aktuellen Temperatur 1
DEBUG:root:Start lesen der aktuellen Temperatur 2
DEBUG:root:Stop lesen der aktuellen Temperatur 2
DEBUG:root:LCD clear
DEBUG:root:LCD cursor an Pos1
DEBUG:root:LCD show message
DEBUG:root:Z=2 T_K=19.76 T_A=19.04 T_R=48.3
DEBUG:root:Start lesen der aktuellen Temperatur 1
DEBUG:root:Stop lesen der aktuellen Temperatur 1
DEBUG:root:Start lesen der aktuellen Temperatur 2
DEBUG:root:Stop lesen der aktuellen Temperatur 2
DEBUG:root:LCD clear
DEBUG:root:LCD cursor an Pos1
DEBUG:root:LCD show message
DEBUG:root:Z=2 T_K=19.76 T_A=19.04 T_R=48.9
DEBUG:root:Start lesen der aktuellen Temperatur 1
DEBUG:root:Stop lesen der aktuellen Temperatur 1
DEBUG:root:Start lesen der aktuellen Temperatur 2
DEBUG:root:Stop lesen der aktuellen Temperatur 2
DEBUG:root:LCD clear
DEBUG:root:LCD cursor an Pos1
DEBUG:root:LCD show message
DEBUG:root:Z=2 T_K=19.76 T_A=19.04 T_R=47.8
DEBUG:root:Start lesen der aktuellen Temperatur 1
DEBUG:root:Stop lesen der aktuellen Temperatur 1
DEBUG:root:Start lesen der aktuellen Temperatur 2
DEBUG:root:Stop lesen der aktuellen Temperatur 2
DEBUG:root:LCD clear
DEBUG:root:LCD cursor an Pos1
DEBUG:root:LCD show message
DEBUG:root:Z=2 T_K=19.76 T_A=19.04 T_R=48.3
DEBUG:root:Start lesen der aktuellen Temperatur 1
DEBUG:root:Stop lesen der aktuellen Temperatur 1
DEBUG:root:Start lesen der aktuellen Temperatur 2
DEBUG:root:Stop lesen der aktuellen Temperatur 2
DEBUG:root:LCD clear
DEBUG:root:LCD cursor an Pos1
DEBUG:root:LCD show message
DEBUG:root:Z=2 T_K=19.69 T_A=23.04 T_R=48.9
DEBUG:root:Start lesen der aktuellen Temperatur 1
DEBUG:root:Stop lesen der aktuellen Temperatur 1
DEBUG:root:Start lesen der aktuellen Temperatur 2
DEBUG:root:Stop lesen der aktuellen Temperatur 2
DEBUG:root:LCD clear
DEBUG:root:LCD cursor an Pos1
DEBUG:root:LCD show message
DEBUG:root:Z=2 T_K=19.69 T_A=23.04 T_R=48.3
DEBUG:root:Start lesen der aktuellen Temperatur 1
DEBUG:root:Stop lesen der aktuellen Temperatur 1
DEBUG:root:Start lesen der aktuellen Temperatur 2
DEBUG:root:Stop lesen der aktuellen Temperatur 2
DEBUG:root:LCD clear
DEBUG:root:LCD cursor an Pos1
DEBUG:root:LCD show message
DEBUG:root:Z=2 T_K=19.69 T_A=23.04 T_R=48.9
DEBUG:root:Start lesen der aktuellen Temperatur 1
DEBUG:root:Stop lesen der aktuellen Temperatur 1
DEBUG:root:Start lesen der aktuellen Temperatur 2
DEBUG:root:Stop lesen der aktuellen Temperatur 2
DEBUG:root:LCD clear
DEBUG:root:LCD cursor an Pos1
DEBUG:root:LCD show message
DEBUG:root:Z=2 T_K=19.69 T_A=23.04 T_R=47.2
DEBUG:root:Start lesen der aktuellen Temperatur 1
DEBUG:root:Stop lesen der aktuellen Temperatur 1
DEBUG:root:Start lesen der aktuellen Temperatur 2
DEBUG:root:Stop lesen der aktuellen Temperatur 2
DEBUG:root:LCD clear
DEBUG:root:LCD cursor an Pos1
DEBUG:root:LCD show message
DEBUG:root:Z=2 T_K=19.69 T_A=23.04 T_R=48.3
DEBUG:root:Start lesen der aktuellen Temperatur 1
DEBUG:root:Stop lesen der aktuellen Temperatur 1
DEBUG:root:Start lesen der aktuellen Temperatur 2
DEBUG:root:Stop lesen der aktuellen Temperatur 2
DEBUG:root:LCD clear
DEBUG:root:LCD cursor an Pos1
DEBUG:root:LCD show message
DEBUG:root:Z=2 T_K=19.83 T_A=19.33 T_R=48.3
DEBUG:root:Start lesen der aktuellen Temperatur 1
DEBUG:root:Stop lesen der aktuellen Temperatur 1
DEBUG:root:Start lesen der aktuellen Temperatur 2
DEBUG:root:Stop lesen der aktuellen Temperatur 2
DEBUG:root:LCD clear
DEBUG:root:LCD cursor an Pos1
DEBUG:root:LCD show message
DEBUG:root:Z=2 T_K=19.83 T_A=19.33 T_R=48.3
DEBUG:root:Start lesen der aktuellen Temperatur 1
DEBUG:root:Stop lesen der aktuellen Temperatur 1
DEBUG:root:Start lesen der aktuellen Temperatur 2
DEBUG:root:Stop lesen der aktuellen Temperatur 2
DEBUG:root:LCD clear
DEBUG:root:LCD cursor an Pos1
DEBUG:root:LCD show message
DEBUG:root:Z=2 T_K=19.83 T_A=19.33 T_R=48.9
DEBUG:root:Start lesen der aktuellen Temperatur 1
DEBUG:root:Stop lesen der aktuellen Temperatur 1
DEBUG:root:Start lesen der aktuellen Temperatur 2
DEBUG:root:Stop lesen der aktuellen Temperatur 2
DEBUG:root:LCD clear
DEBUG:root:LCD cursor an Pos1
DEBUG:root:LCD show message
DEBUG:root:Z=2 T_K=19.83 T_A=19.33 T_R=47.2
DEBUG:root:Start lesen der aktuellen Temperatur 1
DEBUG:root:Stop lesen der aktuellen Temperatur 1
DEBUG:root:Start lesen der aktuellen Temperatur 2
DEBUG:root:Stop lesen der aktuellen Temperatur 2
DEBUG:root:LCD clear
DEBUG:root:LCD cursor an Pos1
DEBUG:root:LCD show message
DEBUG:root:Z=2 T_K=19.83 T_A=19.33 T_R=48.3
DEBUG:root:Start lesen der aktuellen Temperatur 1
DEBUG:root:Stop lesen der aktuellen Temperatur 1
DEBUG:root:Start lesen der aktuellen Temperatur 2
DEBUG:root:Stop lesen der aktuellen Temperatur 2
DEBUG:root:LCD clear
DEBUG:root:LCD cursor an Pos1
DEBUG:root:LCD show message
DEBUG:root:Z=2 T_K=19.76 T_A=15.1 T_R=47.8
DEBUG:root:Start lesen der aktuellen Temperatur 1
DEBUG:root:Stop lesen der aktuellen Temperatur 1
DEBUG:root:Start lesen der aktuellen Temperatur 2
DEBUG:root:Stop lesen der aktuellen Temperatur 2
DEBUG:root:LCD clear
DEBUG:root:LCD cursor an Pos1
DEBUG:root:LCD show message
DEBUG:root:Z=2 T_K=19.76 T_A=15.1 T_R=47.8
DEBUG:root:Start lesen der aktuellen Temperatur 1
DEBUG:root:Stop lesen der aktuellen Temperatur 1
DEBUG:root:Start lesen der aktuellen Temperatur 2
DEBUG:root:Stop lesen der aktuellen Temperatur 2
DEBUG:root:LCD clear
DEBUG:root:LCD cursor an Pos1
DEBUG:root:LCD show message
DEBUG:root:Z=2 T_K=19.76 T_A=15.1 T_R=47.2
DEBUG:root:Start lesen der aktuellen Temperatur 1
DEBUG:root:Stop lesen der aktuellen Temperatur 1
DEBUG:root:Start lesen der aktuellen Temperatur 2
DEBUG:root:Stop lesen der aktuellen Temperatur 2
DEBUG:root:LCD clear
DEBUG:root:LCD cursor an Pos1
DEBUG:root:LCD show message
DEBUG:root:Z=2 T_K=19.76 T_A=15.1 T_R=48.3
DEBUG:root:Start lesen der aktuellen Temperatur 1
DEBUG:root:Stop lesen der aktuellen Temperatur 1
DEBUG:root:Start lesen der aktuellen Temperatur 2
DEBUG:root:Stop lesen der aktuellen Temperatur 2
DEBUG:root:LCD clear
DEBUG:root:LCD cursor an Pos1
DEBUG:root:LCD show message
DEBUG:root:Z=2 T_K=19.76 T_A=15.1 T_R=48.3
DEBUG:root:Start lesen der aktuellen Temperatur 1
DEBUG:root:Stop lesen der aktuellen Temperatur 1
DEBUG:root:Start lesen der aktuellen Temperatur 2
DEBUG:root:Stop lesen der aktuellen Temperatur 2
DEBUG:root:LCD clear
DEBUG:root:LCD cursor an Pos1
DEBUG:root:LCD show message
DEBUG:root:Z=2 T_K=19.54 T_A=14.54 T_R=47.8
DEBUG:root:Start lesen der aktuellen Temperatur 1
DEBUG:root:Stop lesen der aktuellen Temperatur 1
DEBUG:root:Start lesen der aktuellen Temperatur 2
DEBUG:root:Stop lesen der aktuellen Temperatur 2
DEBUG:root:LCD clear
DEBUG:root:LCD cursor an Pos1
DEBUG:root:LCD show message
DEBUG:root:Z=2 T_K=19.54 T_A=14.54 T_R=48.3
DEBUG:root:Start lesen der aktuellen Temperatur 1
DEBUG:root:Stop lesen der aktuellen Temperatur 1
DEBUG:root:Start lesen der aktuellen Temperatur 2
DEBUG:root:Stop lesen der aktuellen Temperatur 2
DEBUG:root:LCD clear
DEBUG:root:LCD cursor an Pos1
DEBUG:root:LCD show message
DEBUG:root:Z=2 T_K=19.54 T_A=14.54 T_R=47.8
DEBUG:root:Start lesen der aktuellen Temperatur 1
DEBUG:root:Stop lesen der aktuellen Temperatur 1
DEBUG:root:Start lesen der aktuellen Temperatur 2
DEBUG:root:Stop lesen der aktuellen Temperatur 2
DEBUG:root:LCD clear
DEBUG:root:LCD cursor an Pos1
DEBUG:root:LCD show message
DEBUG:root:Z=2 T_K=19.54 T_A=14.54 T_R=47.8
DEBUG:root:Start lesen der aktuellen Temperatur 1
DEBUG:root:Stop lesen der aktuellen Temperatur 1
DEBUG:root:Start lesen der aktuellen Temperatur 2
DEBUG:root:Stop lesen der aktuellen Temperatur 2
DEBUG:root:LCD clear
DEBUG:root:LCD cursor an Pos1
DEBUG:root:LCD show message
DEBUG:root:Z=2 T_K=19.54 T_A=14.54 T_R=48.3
DEBUG:root:Start lesen der aktuellen Temperatur 1
DEBUG:root:Stop lesen der aktuellen Temperatur 1
DEBUG:root:Start lesen der aktuellen Temperatur 2
DEBUG:root:Stop lesen der aktuellen Temperatur 2
DEBUG:root:LCD clear
DEBUG:root:LCD cursor an Pos1
DEBUG:root:LCD show message
DEBUG:root:Z=2 T_K=19.61 T_A=14.25 T_R=47.2
DEBUG:root:Start lesen der aktuellen Temperatur 1
DEBUG:root:Stop lesen der aktuellen Temperatur 1
DEBUG:root:Start lesen der aktuellen Temperatur 2
DEBUG:root:Stop lesen der aktuellen Temperatur 2
DEBUG:root:LCD clear
DEBUG:root:LCD cursor an Pos1
DEBUG:root:LCD show message
DEBUG:root:Z=2 T_K=19.61 T_A=14.25 T_R=47.8
DEBUG:root:Start lesen der aktuellen Temperatur 1
DEBUG:root:Stop lesen der aktuellen Temperatur 1
DEBUG:root:Start lesen der aktuellen Temperatur 2
DEBUG:root:Stop lesen der aktuellen Temperatur 2
DEBUG:root:LCD clear
DEBUG:root:LCD cursor an Pos1
DEBUG:root:LCD show message
DEBUG:root:Z=2 T_K=19.61 T_A=14.25 T_R=47.2
DEBUG:root:Start lesen der aktuellen Temperatur 1
DEBUG:root:Stop lesen der aktuellen Temperatur 1
DEBUG:root:Start lesen der aktuellen Temperatur 2
DEBUG:root:Stop lesen der aktuellen Temperatur 2
DEBUG:root:LCD clear
DEBUG:root:LCD cursor an Pos1
DEBUG:root:LCD show message
DEBUG:root:Z=2 T_K=19.61 T_A=14.25 T_R=48.3
DEBUG:root:Start lesen der aktuellen Temperatur 1
DEBUG:root:Stop lesen der aktuellen Temperatur 1
DEBUG:root:Start lesen der aktuellen Temperatur 2
DEBUG:root:Stop lesen der aktuellen Temperatur 2
DEBUG:root:LCD clear
DEBUG:root:LCD cursor an Pos1
DEBUG:root:LCD show message
DEBUG:root:Z=2 T_K=19.83 T_A=18.32 T_R=48.3
DEBUG:root:Start lesen der aktuellen Temperatur 1
DEBUG:root:Stop lesen der aktuellen Temperatur 1
DEBUG:root:Start lesen der aktuellen Temperatur 2
DEBUG:root:Stop lesen der aktuellen Temperatur 2
DEBUG:root:LCD clear
DEBUG:root:LCD cursor an Pos1
DEBUG:root:LCD show message
DEBUG:root:Z=2 T_K=19.83 T_A=18.32 T_R=48.3
DEBUG:root:Start lesen der aktuellen Temperatur 1
DEBUG:root:Stop lesen der aktuellen Temperatur 1
DEBUG:root:Start lesen der aktuellen Temperatur 2
DEBUG:root:Stop lesen der aktuellen Temperatur 2
DEBUG:root:LCD clear
DEBUG:root:LCD cursor an Pos1
DEBUG:root:LCD show message
DEBUG:root:Z=2 T_K=19.83 T_A=18.32 T_R=47.2
DEBUG:root:Start lesen der aktuellen Temperatur 1
DEBUG:root:Stop lesen der aktuellen Temperatur 1
DEBUG:root:Start lesen der aktuellen Temperatur 2
DEBUG:root:Stop lesen der aktuellen Temperatur 2
DEBUG:root:LCD clear
DEBUG:root:LCD cursor an Pos1
DEBUG:root:LCD show message
DEBUG:root:Z=2 T_K=19.83 T_A=18.32 T_R=48.3
DEBUG:root:Start lesen der aktuellen Temperatur 1
DEBUG:root:Stop lesen der aktuellen Temperatur 1
DEBUG:root:Start lesen der aktuellen Temperatur 2
DEBUG:root:Stop lesen der aktuellen Temperatur 2
DEBUG:root:LCD clear
DEBUG:root:LCD cursor an Pos1
DEBUG:root:LCD show message
DEBUG:root:Z=2 T_K=19.83 T_A=18.32 T_R=47.8
DEBUG:root:Start lesen der aktuellen Temperatur 1
DEBUG:root:Stop lesen der aktuellen Temperatur 1
DEBUG:root:Start lesen der aktuellen Temperatur 2
DEBUG:root:Stop lesen der aktuellen Temperatur 2
DEBUG:root:LCD clear
DEBUG:root:LCD cursor an Pos1
DEBUG:root:LCD show message
DEBUG:root:Z=2 T_K=19.83 T_A=19.83 T_R=47.2
DEBUG:root:Start lesen der aktuellen Temperatur 1
DEBUG:root:Stop lesen der aktuellen Temperatur 1
DEBUG:root:Start lesen der aktuellen Temperatur 2
DEBUG:root:Stop lesen der aktuellen Temperatur 2
DEBUG:root:LCD clear
DEBUG:root:LCD cursor an Pos1
DEBUG:root:LCD show message
DEBUG:root:Z=2 T_K=19.83 T_A=19.83 T_R=48.3
DEBUG:root:Start lesen der aktuellen Temperatur 1
DEBUG:root:Stop lesen der aktuellen Temperatur 1
DEBUG:root:Start lesen der aktuellen Temperatur 2
DEBUG:root:Stop lesen der aktuellen Temperatur 2
DEBUG:root:LCD clear
DEBUG:root:LCD cursor an Pos1
DEBUG:root:LCD show message
DEBUG:root:Z=2 T_K=19.83 T_A=19.83 T_R=47.8
DEBUG:root:Start lesen der aktuellen Temperatur 1
DEBUG:root:Stop lesen der aktuellen Temperatur 1
DEBUG:root:Start lesen der aktuellen Temperatur 2
DEBUG:root:Stop lesen der aktuellen Temperatur 2
DEBUG:root:LCD clear
DEBUG:root:LCD cursor an Pos1
DEBUG:root:LCD show message
DEBUG:root:Z=2 T_K=19.83 T_A=19.83 T_R=48.3
DEBUG:root:Start lesen der aktuellen Temperatur 1
DEBUG:root:Stop lesen der aktuellen Temperatur 1
DEBUG:root:Start lesen der aktuellen Temperatur 2
DEBUG:root:Stop lesen der aktuellen Temperatur 2
DEBUG:root:LCD clear
DEBUG:root:LCD cursor an Pos1
DEBUG:root:LCD show message
DEBUG:root:Z=2 T_K=19.83 T_A=19.83 T_R=48.3
DEBUG:root:Start lesen der aktuellen Temperatur 1
DEBUG:root:Stop lesen der aktuellen Temperatur 1
DEBUG:root:Start lesen der aktuellen Temperatur 2
DEBUG:root:Stop lesen der aktuellen Temperatur 2
DEBUG:root:LCD clear
DEBUG:root:LCD cursor an Pos1
DEBUG:root:LCD show message
DEBUG:root:Z=2 T_K=19.69 T_A=14.89 T_R=48.9
DEBUG:root:Start lesen der aktuellen Temperatur 1
DEBUG:root:Stop lesen der aktuellen Temperatur 1
DEBUG:root:Start lesen der aktuellen Temperatur 2
DEBUG:root:Stop lesen der aktuellen Temperatur 2
DEBUG:root:LCD clear
DEBUG:root:LCD cursor an Pos1
DEBUG:root:LCD show message
DEBUG:root:Z=2 T_K=19.69 T_A=14.89 T_R=48.3
DEBUG:root:Start lesen der aktuellen Temperatur 1
DEBUG:root:Stop lesen der aktuellen Temperatur 1
DEBUG:root:Start lesen der aktuellen Temperatur 2
DEBUG:root:Stop lesen der aktuellen Temperatur 2
DEBUG:root:LCD clear
DEBUG:root:LCD cursor an Pos1
DEBUG:root:LCD show message
DEBUG:root:Z=2 T_K=19.69 T_A=14.89 T_R=48.3
DEBUG:root:Start lesen der aktuellen Temperatur 1
DEBUG:root:Stop lesen der aktuellen Temperatur 1
DEBUG:root:Start lesen der aktuellen Temperatur 2
DEBUG:root:Stop lesen der aktuellen Temperatur 2
DEBUG:root:LCD clear
DEBUG:root:LCD cursor an Pos1
DEBUG:root:LCD show message
DEBUG:root:Z=2 T_K=19.69 T_A=14.89 T_R=48.9
DEBUG:root:Start lesen der aktuellen Temperatur 1
DEBUG:root:Stop lesen der aktuellen Temperatur 1
DEBUG:root:Start lesen der aktuellen Temperatur 2
DEBUG:root:Stop lesen der aktuellen Temperatur 2
DEBUG:root:LCD clear
DEBUG:root:LCD cursor an Pos1
DEBUG:root:LCD show message
DEBUG:root:Z=2 T_K=19.69 T_A=14.89 T_R=48.3
DEBUG:root:Start lesen der aktuellen Temperatur 1
DEBUG:root:Stop lesen der aktuellen Temperatur 1
DEBUG:root:Start lesen der aktuellen Temperatur 2
DEBUG:root:Stop lesen der aktuellen Temperatur 2
DEBUG:root:LCD clear
DEBUG:root:LCD cursor an Pos1
DEBUG:root:LCD show message
DEBUG:root:Z=2 T_K=19.61 T_A=14.68 T_R=48.3
DEBUG:root:Start lesen der aktuellen Temperatur 1
DEBUG:root:Stop lesen der aktuellen Temperatur 1
DEBUG:root:Start lesen der aktuellen Temperatur 2
DEBUG:root:Stop lesen der aktuellen Temperatur 2
DEBUG:root:LCD clear
DEBUG:root:LCD cursor an Pos1
DEBUG:root:LCD show message
DEBUG:root:Z=2 T_K=19.61 T_A=14.68 T_R=48.3
