DEBUG:root:.csv file wird archiviert
DEBUG:root:Start T-werte erfassen
DEBUG:root:t-liste sortieren und werte löschen
DEBUG:root:Mittelwerte berechnen
DEBUG:root:Mittelwert 1 in T umrechnen
DEBUG:root:Mittelwert 2 in T umrechnen
DEBUG:root:Zeitpunkt der mittleren temperatur auslesen
DEBUG:root:Start T-werte erfassen
DEBUG:root:t-liste sortieren und werte löschen
DEBUG:root:Mittelwerte berechnen
DEBUG:root:Mittelwert 1 in T umrechnen
DEBUG:root:Mittelwert 2 in T umrechnen
DEBUG:root:Zeitpunkt der mittleren temperatur auslesen
DEBUG:root:Start T-werte erfassen
DEBUG:root:t-liste sortieren und werte löschen
DEBUG:root:Mittelwerte berechnen
DEBUG:root:Mittelwert 1 in T umrechnen
DEBUG:root:Mittelwert 2 in T umrechnen
DEBUG:root:Zeitpunkt der mittleren temperatur auslesen
DEBUG:root:Werte sind vorhanden --> schreiben in .csv t=1477320664.1447597 T1=66.15 T2=185.06
DEBUG:root:Werte in .csv geschrieben
DEBUG:root:Start T-werte erfassen
DEBUG:root:t-liste sortieren und werte löschen
DEBUG:root:Mittelwerte berechnen
DEBUG:root:Mittelwert 1 in T umrechnen
DEBUG:root:Mittelwert 2 in T umrechnen
DEBUG:root:Zeitpunkt der mittleren temperatur auslesen
DEBUG:root:Werte sind vorhanden --> schreiben in .csv t=1477320674.1640885 T1=66.5 T2=183.25
DEBUG:root:Werte in .csv geschrieben
DEBUG:root:Start T-werte erfassen
DEBUG:root:t-liste sortieren und werte löschen
DEBUG:root:Mittelwerte berechnen
DEBUG:root:Mittelwert 1 in T umrechnen
DEBUG:root:Mittelwert 2 in T umrechnen
DEBUG:root:Zeitpunkt der mittleren temperatur auslesen
DEBUG:root:Werte sind vorhanden --> schreiben in .csv t=1477320690.585156 T1=66.15 T2=180.57
DEBUG:root:Werte in .csv geschrieben
DEBUG:root:Start T-werte erfassen
DEBUG:root:t-liste sortieren und werte löschen
DEBUG:root:Mittelwerte berechnen
DEBUG:root:Mittelwert 1 in T umrechnen
DEBUG:root:Mittelwert 2 in T umrechnen
DEBUG:root:Zeitpunkt der mittleren temperatur auslesen
DEBUG:root:Werte sind vorhanden --> schreiben in .csv t=1477320700.602417 T1=65.28 T2=178.03
DEBUG:root:Werte in .csv geschrieben
DEBUG:root:Start T-werte erfassen
DEBUG:root:t-liste sortieren und werte löschen
DEBUG:root:Mittelwerte berechnen
DEBUG:root:Mittelwert 1 in T umrechnen
DEBUG:root:Mittelwert 2 in T umrechnen
DEBUG:root:Zeitpunkt der mittleren temperatur auslesen
DEBUG:root:Werte sind vorhanden --> schreiben in .csv t=1477320710.6211054 T1=64.94 T2=174.39
DEBUG:root:Werte in .csv geschrieben
DEBUG:root:Start T-werte erfassen
DEBUG:root:t-liste sortieren und werte löschen
DEBUG:root:Mittelwerte berechnen
DEBUG:root:Mittelwert 1 in T umrechnen
DEBUG:root:Mittelwert 2 in T umrechnen
DEBUG:root:Zeitpunkt der mittleren temperatur auslesen
DEBUG:root:Werte sind vorhanden --> schreiben in .csv t=1477320720.654013 T1=65.2 T2=174.01
DEBUG:root:Werte in .csv geschrieben
DEBUG:root:Start T-werte erfassen
DEBUG:root:t-liste sortieren und werte löschen
DEBUG:root:Mittelwerte berechnen
DEBUG:root:Mittelwert 1 in T umrechnen
DEBUG:root:Mittelwert 2 in T umrechnen
DEBUG:root:Zeitpunkt der mittleren temperatur auslesen
DEBUG:root:Werte sind vorhanden --> schreiben in .csv t=1477320730.688669 T1=65.02 T2=171.77
DEBUG:root:Werte in .csv geschrieben
DEBUG:root:Start T-werte erfassen
DEBUG:root:t-liste sortieren und werte löschen
DEBUG:root:Mittelwerte berechnen
DEBUG:root:Mittelwert 1 in T umrechnen
DEBUG:root:Mittelwert 2 in T umrechnen
DEBUG:root:Zeitpunkt der mittleren temperatur auslesen
DEBUG:root:Werte sind vorhanden --> schreiben in .csv t=1477320740.707432 T1=64.59 T2=170.54
DEBUG:root:Werte in .csv geschrieben
DEBUG:root:Start T-werte erfassen
DEBUG:root:t-liste sortieren und werte löschen
DEBUG:root:Mittelwerte berechnen
DEBUG:root:Mittelwert 1 in T umrechnen
DEBUG:root:Mittelwert 2 in T umrechnen
DEBUG:root:Zeitpunkt der mittleren temperatur auslesen
DEBUG:root:Werte sind vorhanden --> schreiben in .csv t=1477320750.7271268 T1=64.85 T2=170.78
DEBUG:root:Werte in .csv geschrieben
DEBUG:root:Start T-werte erfassen
DEBUG:root:t-liste sortieren und werte löschen
DEBUG:root:Mittelwerte berechnen
DEBUG:root:Mittelwert 1 in T umrechnen
DEBUG:root:Mittelwert 2 in T umrechnen
DEBUG:root:Zeitpunkt der mittleren temperatur auslesen
DEBUG:root:Werte sind vorhanden --> schreiben in .csv t=1477320760.7467773 T1=64.77 T2=171.65
DEBUG:root:Werte in .csv geschrieben
DEBUG:root:Start T-werte erfassen
DEBUG:root:t-liste sortieren und werte löschen
DEBUG:root:Mittelwerte berechnen
DEBUG:root:Mittelwert 1 in T umrechnen
DEBUG:root:Mittelwert 2 in T umrechnen
DEBUG:root:Zeitpunkt der mittleren temperatur auslesen
DEBUG:root:Werte sind vorhanden --> schreiben in .csv t=1477320770.7651484 T1=63.9 T2=171.4
DEBUG:root:Werte in .csv geschrieben
DEBUG:root:Start T-werte erfassen
DEBUG:root:t-liste sortieren und werte löschen
DEBUG:root:Mittelwerte berechnen
DEBUG:root:Mittelwert 1 in T umrechnen
DEBUG:root:Mittelwert 2 in T umrechnen
DEBUG:root:Zeitpunkt der mittleren temperatur auslesen
DEBUG:root:Werte sind vorhanden --> schreiben in .csv t=1477320780.7803602 T1=63.48 T2=172.15
DEBUG:root:Werte in .csv geschrieben
DEBUG:root:Start T-werte erfassen
DEBUG:root:t-liste sortieren und werte löschen
DEBUG:root:Mittelwerte berechnen
DEBUG:root:Mittelwert 1 in T umrechnen
DEBUG:root:Mittelwert 2 in T umrechnen
DEBUG:root:Zeitpunkt der mittleren temperatur auslesen
DEBUG:root:Werte sind vorhanden --> schreiben in .csv t=1477320790.7975345 T1=63.3 T2=175.39
DEBUG:root:Werte in .csv geschrieben
DEBUG:root:Start T-werte erfassen
DEBUG:root:t-liste sortieren und werte löschen
DEBUG:root:Mittelwerte berechnen
DEBUG:root:Mittelwert 1 in T umrechnen
DEBUG:root:Mittelwert 2 in T umrechnen
DEBUG:root:Zeitpunkt der mittleren temperatur auslesen
DEBUG:root:Werte sind vorhanden --> schreiben in .csv t=1477320800.810578 T1=63.13 T2=176.27
DEBUG:root:Werte in .csv geschrieben
DEBUG:root:Start T-werte erfassen
DEBUG:root:t-liste sortieren und werte löschen
DEBUG:root:Mittelwerte berechnen
DEBUG:root:Mittelwert 1 in T umrechnen
DEBUG:root:Mittelwert 2 in T umrechnen
DEBUG:root:Zeitpunkt der mittleren temperatur auslesen
DEBUG:root:Werte sind vorhanden --> schreiben in .csv t=1477320810.8262687 T1=63.39 T2=177.65
DEBUG:root:Werte in .csv geschrieben
DEBUG:root:Start T-werte erfassen
DEBUG:root:t-liste sortieren und werte löschen
DEBUG:root:Mittelwerte berechnen
DEBUG:root:Mittelwert 1 in T umrechnen
DEBUG:root:Mittelwert 2 in T umrechnen
DEBUG:root:Zeitpunkt der mittleren temperatur auslesen
DEBUG:root:Werte sind vorhanden --> schreiben in .csv t=1477320820.8399308 T1=62.96 T2=179.3
DEBUG:root:Werte in .csv geschrieben
DEBUG:root:Start T-werte erfassen
DEBUG:root:t-liste sortieren und werte löschen
DEBUG:root:Mittelwerte berechnen
DEBUG:root:Mittelwert 1 in T umrechnen
DEBUG:root:Mittelwert 2 in T umrechnen
DEBUG:root:Zeitpunkt der mittleren temperatur auslesen
DEBUG:root:Werte sind vorhanden --> schreiben in .csv t=1477320830.8556209 T1=62.36 T2=179.3
DEBUG:root:Werte in .csv geschrieben
DEBUG:root:Start T-werte erfassen
DEBUG:root:t-liste sortieren und werte löschen
DEBUG:root:Mittelwerte berechnen
DEBUG:root:Mittelwert 1 in T umrechnen
DEBUG:root:Mittelwert 2 in T umrechnen
DEBUG:root:Zeitpunkt der mittleren temperatur auslesen
DEBUG:root:Werte sind vorhanden --> schreiben in .csv t=1477320840.8761916 T1=63.22 T2=182.74
DEBUG:root:Werte in .csv geschrieben
DEBUG:root:Start T-werte erfassen
DEBUG:root:t-liste sortieren und werte löschen
DEBUG:root:Mittelwerte berechnen
DEBUG:root:Mittelwert 1 in T umrechnen
DEBUG:root:Mittelwert 2 in T umrechnen
DEBUG:root:Zeitpunkt der mittleren temperatur auslesen
DEBUG:root:Werte sind vorhanden --> schreiben in .csv t=1477320850.8926585 T1=63.39 T2=187.65
DEBUG:root:Werte in .csv geschrieben
DEBUG:root:Start T-werte erfassen
DEBUG:root:t-liste sortieren und werte löschen
DEBUG:root:Mittelwerte berechnen
DEBUG:root:Mittelwert 1 in T umrechnen
DEBUG:root:Mittelwert 2 in T umrechnen
DEBUG:root:Zeitpunkt der mittleren temperatur auslesen
DEBUG:root:Werte sind vorhanden --> schreiben in .csv t=1477320860.911298 T1=63.05 T2=191.97
DEBUG:root:Werte in .csv geschrieben
DEBUG:root:Start T-werte erfassen
DEBUG:root:t-liste sortieren und werte löschen
DEBUG:root:Mittelwerte berechnen
DEBUG:root:Mittelwert 1 in T umrechnen
DEBUG:root:Mittelwert 2 in T umrechnen
DEBUG:root:Zeitpunkt der mittleren temperatur auslesen
DEBUG:root:Werte sind vorhanden --> schreiben in .csv t=1477320870.925817 T1=62.7 T2=196.35
DEBUG:root:Werte in .csv geschrieben
DEBUG:root:Start T-werte erfassen
DEBUG:root:t-liste sortieren und werte löschen
DEBUG:root:Mittelwerte berechnen
DEBUG:root:Mittelwert 1 in T umrechnen
DEBUG:root:Mittelwert 2 in T umrechnen
DEBUG:root:Zeitpunkt der mittleren temperatur auslesen
DEBUG:root:Werte sind vorhanden --> schreiben in .csv t=1477320880.943347 T1=62.45 T2=195.15
DEBUG:root:Werte in .csv geschrieben
DEBUG:root:Start T-werte erfassen
DEBUG:root:t-liste sortieren und werte löschen
DEBUG:root:Mittelwerte berechnen
DEBUG:root:Mittelwert 1 in T umrechnen
DEBUG:root:Mittelwert 2 in T umrechnen
DEBUG:root:Zeitpunkt der mittleren temperatur auslesen
DEBUG:root:Werte sind vorhanden --> schreiben in .csv t=1477320890.959016 T1=62.28 T2=195.42
DEBUG:root:Werte in .csv geschrieben
DEBUG:root:Start T-werte erfassen
DEBUG:root:t-liste sortieren und werte löschen
DEBUG:root:Mittelwerte berechnen
DEBUG:root:Mittelwert 1 in T umrechnen
DEBUG:root:Mittelwert 2 in T umrechnen
DEBUG:root:Zeitpunkt der mittleren temperatur auslesen
DEBUG:root:Werte sind vorhanden --> schreiben in .csv t=1477320900.977959 T1=62.88 T2=196.89
DEBUG:root:Werte in .csv geschrieben
DEBUG:root:Start T-werte erfassen
DEBUG:root:t-liste sortieren und werte löschen
DEBUG:root:Mittelwerte berechnen
DEBUG:root:Mittelwert 1 in T umrechnen
DEBUG:root:Mittelwert 2 in T umrechnen
DEBUG:root:Zeitpunkt der mittleren temperatur auslesen
DEBUG:root:Werte sind vorhanden --> schreiben in .csv t=1477320910.9968555 T1=63.39 T2=199.84
DEBUG:root:Werte in .csv geschrieben
DEBUG:root:Start T-werte erfassen
DEBUG:root:t-liste sortieren und werte löschen
DEBUG:root:Mittelwerte berechnen
DEBUG:root:Mittelwert 1 in T umrechnen
DEBUG:root:Mittelwert 2 in T umrechnen
DEBUG:root:Zeitpunkt der mittleren temperatur auslesen
DEBUG:root:Werte sind vorhanden --> schreiben in .csv t=1477320921.013174 T1=63.13 T2=202.01
DEBUG:root:Werte in .csv geschrieben
DEBUG:root:Start T-werte erfassen
DEBUG:root:t-liste sortieren und werte löschen
DEBUG:root:Mittelwerte berechnen
DEBUG:root:Mittelwert 1 in T umrechnen
DEBUG:root:Mittelwert 2 in T umrechnen
DEBUG:root:Zeitpunkt der mittleren temperatur auslesen
DEBUG:root:Werte sind vorhanden --> schreiben in .csv t=1477320931.032212 T1=62.7 T2=201.47
DEBUG:root:Werte in .csv geschrieben
DEBUG:root:Start T-werte erfassen
DEBUG:root:t-liste sortieren und werte löschen
DEBUG:root:Mittelwerte berechnen
DEBUG:root:Mittelwert 1 in T umrechnen
DEBUG:root:Mittelwert 2 in T umrechnen
DEBUG:root:Zeitpunkt der mittleren temperatur auslesen
DEBUG:root:Werte sind vorhanden --> schreiben in .csv t=1477320941.0485296 T1=62.79 T2=203.64
DEBUG:root:Werte in .csv geschrieben
DEBUG:root:Start T-werte erfassen
DEBUG:root:t-liste sortieren und werte löschen
DEBUG:root:Mittelwerte berechnen
DEBUG:root:Mittelwert 1 in T umrechnen
DEBUG:root:Mittelwert 2 in T umrechnen
DEBUG:root:Zeitpunkt der mittleren temperatur auslesen
DEBUG:root:Werte sind vorhanden --> schreiben in .csv t=1477320951.0640206 T1=63.39 T2=205.01
DEBUG:root:Werte in .csv geschrieben
DEBUG:root:Start T-werte erfassen
DEBUG:root:t-liste sortieren und werte löschen
DEBUG:root:Mittelwerte berechnen
DEBUG:root:Mittelwert 1 in T umrechnen
DEBUG:root:Mittelwert 2 in T umrechnen
DEBUG:root:Zeitpunkt der mittleren temperatur auslesen
DEBUG:root:Werte sind vorhanden --> schreiben in .csv t=1477320961.0781548 T1=63.39 T2=207.35
DEBUG:root:Werte in .csv geschrieben
DEBUG:root:Start T-werte erfassen
DEBUG:root:t-liste sortieren und werte löschen
DEBUG:root:Mittelwerte berechnen
DEBUG:root:Mittelwert 1 in T umrechnen
DEBUG:root:Mittelwert 2 in T umrechnen
DEBUG:root:Zeitpunkt der mittleren temperatur auslesen
DEBUG:root:Werte sind vorhanden --> schreiben in .csv t=1477320971.092662 T1=63.13 T2=213.76
DEBUG:root:Werte in .csv geschrieben
DEBUG:root:Start T-werte erfassen
DEBUG:root:t-liste sortieren und werte löschen
DEBUG:root:Mittelwerte berechnen
DEBUG:root:Mittelwert 1 in T umrechnen
DEBUG:root:Mittelwert 2 in T umrechnen
DEBUG:root:Zeitpunkt der mittleren temperatur auslesen
DEBUG:root:Werte sind vorhanden --> schreiben in .csv t=1477320981.1101463 T1=63.82 T2=217.29
DEBUG:root:Werte in .csv geschrieben
DEBUG:root:Start T-werte erfassen
DEBUG:root:t-liste sortieren und werte löschen
DEBUG:root:Mittelwerte berechnen
DEBUG:root:Mittelwert 1 in T umrechnen
DEBUG:root:Mittelwert 2 in T umrechnen
DEBUG:root:Zeitpunkt der mittleren temperatur auslesen
DEBUG:root:Werte sind vorhanden --> schreiben in .csv t=1477320991.123224 T1=63.65 T2=214.04
DEBUG:root:Werte in .csv geschrieben
DEBUG:root:Start T-werte erfassen
DEBUG:root:t-liste sortieren und werte löschen
DEBUG:root:Mittelwerte berechnen
DEBUG:root:Mittelwert 1 in T umrechnen
DEBUG:root:Mittelwert 2 in T umrechnen
DEBUG:root:Zeitpunkt der mittleren temperatur auslesen
DEBUG:root:Werte sind vorhanden --> schreiben in .csv t=1477321001.1381764 T1=63.39 T2=212.35
DEBUG:root:Werte in .csv geschrieben
DEBUG:root:Start T-werte erfassen
DEBUG:root:t-liste sortieren und werte löschen
DEBUG:root:Mittelwerte berechnen
DEBUG:root:Mittelwert 1 in T umrechnen
DEBUG:root:Mittelwert 2 in T umrechnen
DEBUG:root:Zeitpunkt der mittleren temperatur auslesen
DEBUG:root:Werte sind vorhanden --> schreiben in .csv t=1477321011.1515234 T1=63.39 T2=216.72
DEBUG:root:Werte in .csv geschrieben
DEBUG:root:Start T-werte erfassen
DEBUG:root:t-liste sortieren und werte löschen
DEBUG:root:Mittelwerte berechnen
DEBUG:root:Mittelwert 1 in T umrechnen
DEBUG:root:Mittelwert 2 in T umrechnen
DEBUG:root:Zeitpunkt der mittleren temperatur auslesen
DEBUG:root:Werte sind vorhanden --> schreiben in .csv t=1477321021.1709676 T1=63.05 T2=218.29
DEBUG:root:Werte in .csv geschrieben
DEBUG:root:Start T-werte erfassen
DEBUG:root:t-liste sortieren und werte löschen
DEBUG:root:Mittelwerte berechnen
DEBUG:root:Mittelwert 1 in T umrechnen
DEBUG:root:Mittelwert 2 in T umrechnen
DEBUG:root:Zeitpunkt der mittleren temperatur auslesen
DEBUG:root:Werte sind vorhanden --> schreiben in .csv t=1477321031.1840627 T1=63.82 T2=216.72
DEBUG:root:Werte in .csv geschrieben
DEBUG:root:Start T-werte erfassen
DEBUG:root:t-liste sortieren und werte löschen
DEBUG:root:Mittelwerte berechnen
DEBUG:root:Mittelwert 1 in T umrechnen
DEBUG:root:Mittelwert 2 in T umrechnen
DEBUG:root:Zeitpunkt der mittleren temperatur auslesen
DEBUG:root:Werte sind vorhanden --> schreiben in .csv t=1477321041.1991947 T1=64.59 T2=217.01
DEBUG:root:Werte in .csv geschrieben
DEBUG:root:Start T-werte erfassen
DEBUG:root:t-liste sortieren und werte löschen
DEBUG:root:Mittelwerte berechnen
DEBUG:root:Mittelwert 1 in T umrechnen
DEBUG:root:Mittelwert 2 in T umrechnen
DEBUG:root:Zeitpunkt der mittleren temperatur auslesen
DEBUG:root:Werte sind vorhanden --> schreiben in .csv t=1477321051.2109249 T1=63.48 T2=221.58
DEBUG:root:Werte in .csv geschrieben
DEBUG:root:Start T-werte erfassen
DEBUG:root:t-liste sortieren und werte löschen
DEBUG:root:Mittelwerte berechnen
DEBUG:root:Mittelwert 1 in T umrechnen
DEBUG:root:Mittelwert 2 in T umrechnen
DEBUG:root:Zeitpunkt der mittleren temperatur auslesen
DEBUG:root:Werte sind vorhanden --> schreiben in .csv t=1477321061.2256677 T1=63.13 T2=225.05
DEBUG:root:Werte in .csv geschrieben
DEBUG:root:Start T-werte erfassen
DEBUG:root:t-liste sortieren und werte löschen
DEBUG:root:Mittelwerte berechnen
DEBUG:root:Mittelwert 1 in T umrechnen
DEBUG:root:Mittelwert 2 in T umrechnen
DEBUG:root:Zeitpunkt der mittleren temperatur auslesen
DEBUG:root:Werte sind vorhanden --> schreiben in .csv t=1477321071.239162 T1=63.22 T2=224.61
DEBUG:root:Werte in .csv geschrieben
DEBUG:root:Start T-werte erfassen
DEBUG:root:t-liste sortieren und werte löschen
DEBUG:root:Mittelwerte berechnen
DEBUG:root:Mittelwert 1 in T umrechnen
DEBUG:root:Mittelwert 2 in T umrechnen
DEBUG:root:Zeitpunkt der mittleren temperatur auslesen
DEBUG:root:Werte sind vorhanden --> schreiben in .csv t=1477321081.2551837 T1=63.39 T2=223.74
DEBUG:root:Werte in .csv geschrieben
DEBUG:root:Start T-werte erfassen
DEBUG:root:t-liste sortieren und werte löschen
DEBUG:root:Mittelwerte berechnen
DEBUG:root:Mittelwert 1 in T umrechnen
DEBUG:root:Mittelwert 2 in T umrechnen
DEBUG:root:Zeitpunkt der mittleren temperatur auslesen
DEBUG:root:Werte sind vorhanden --> schreiben in .csv t=1477321091.2691927 T1=63.39 T2=225.05
DEBUG:root:Werte in .csv geschrieben
DEBUG:root:Start T-werte erfassen
DEBUG:root:t-liste sortieren und werte löschen
DEBUG:root:Mittelwerte berechnen
DEBUG:root:Mittelwert 1 in T umrechnen
DEBUG:root:Mittelwert 2 in T umrechnen
DEBUG:root:Zeitpunkt der mittleren temperatur auslesen
DEBUG:root:Werte sind vorhanden --> schreiben in .csv t=1477321101.2808666 T1=64.08 T2=225.77
DEBUG:root:Werte in .csv geschrieben
DEBUG:root:Start T-werte erfassen
DEBUG:root:t-liste sortieren und werte löschen
DEBUG:root:Mittelwerte berechnen
DEBUG:root:Mittelwert 1 in T umrechnen
DEBUG:root:Mittelwert 2 in T umrechnen
DEBUG:root:Zeitpunkt der mittleren temperatur auslesen
DEBUG:root:Werte sind vorhanden --> schreiben in .csv t=1477321111.2951684 T1=64.85 T2=225.92
DEBUG:root:Werte in .csv geschrieben
DEBUG:root:Start T-werte erfassen
DEBUG:root:t-liste sortieren und werte löschen
DEBUG:root:Mittelwerte berechnen
DEBUG:root:Mittelwert 1 in T umrechnen
DEBUG:root:Mittelwert 2 in T umrechnen
DEBUG:root:Zeitpunkt der mittleren temperatur auslesen
DEBUG:root:Werte sind vorhanden --> schreiben in .csv t=1477321121.3111534 T1=64.33 T2=224.47
DEBUG:root:Werte in .csv geschrieben
DEBUG:root:Start T-werte erfassen
DEBUG:root:t-liste sortieren und werte löschen
DEBUG:root:Mittelwerte berechnen
DEBUG:root:Mittelwert 1 in T umrechnen
DEBUG:root:Mittelwert 2 in T umrechnen
DEBUG:root:Zeitpunkt der mittleren temperatur auslesen
DEBUG:root:Werte sind vorhanden --> schreiben in .csv t=1477321131.3254862 T1=64.16 T2=223.45
DEBUG:root:Werte in .csv geschrieben
DEBUG:root:Start T-werte erfassen
DEBUG:root:t-liste sortieren und werte löschen
DEBUG:root:Mittelwerte berechnen
DEBUG:root:Mittelwert 1 in T umrechnen
DEBUG:root:Mittelwert 2 in T umrechnen
DEBUG:root:Zeitpunkt der mittleren temperatur auslesen
DEBUG:root:Werte sind vorhanden --> schreiben in .csv t=1477321141.3409486 T1=63.99 T2=224.76
DEBUG:root:Werte in .csv geschrieben
DEBUG:root:Start T-werte erfassen
DEBUG:root:t-liste sortieren und werte löschen
DEBUG:root:Mittelwerte berechnen
DEBUG:root:Mittelwert 1 in T umrechnen
DEBUG:root:Mittelwert 2 in T umrechnen
DEBUG:root:Zeitpunkt der mittleren temperatur auslesen
DEBUG:root:Werte sind vorhanden --> schreiben in .csv t=1477321151.3547573 T1=64.08 T2=224.76
DEBUG:root:Werte in .csv geschrieben
DEBUG:root:Start T-werte erfassen
DEBUG:root:t-liste sortieren und werte löschen
DEBUG:root:Mittelwerte berechnen
DEBUG:root:Mittelwert 1 in T umrechnen
DEBUG:root:Mittelwert 2 in T umrechnen
DEBUG:root:Zeitpunkt der mittleren temperatur auslesen
DEBUG:root:Werte sind vorhanden --> schreiben in .csv t=1477321161.3680665 T1=64.16 T2=221.15
DEBUG:root:Werte in .csv geschrieben
DEBUG:root:Start T-werte erfassen
DEBUG:root:t-liste sortieren und werte löschen
DEBUG:root:Mittelwerte berechnen
DEBUG:root:Mittelwert 1 in T umrechnen
DEBUG:root:Mittelwert 2 in T umrechnen
DEBUG:root:Zeitpunkt der mittleren temperatur auslesen
DEBUG:root:Werte sind vorhanden --> schreiben in .csv t=1477321171.3835003 T1=63.9 T2=221.29
DEBUG:root:Werte in .csv geschrieben
DEBUG:root:Start T-werte erfassen
DEBUG:root:t-liste sortieren und werte löschen
DEBUG:root:Mittelwerte berechnen
DEBUG:root:Mittelwert 1 in T umrechnen
DEBUG:root:Mittelwert 2 in T umrechnen
DEBUG:root:Zeitpunkt der mittleren temperatur auslesen
DEBUG:root:Werte sind vorhanden --> schreiben in .csv t=1477321181.397888 T1=63.82 T2=221.72
DEBUG:root:Werte in .csv geschrieben
DEBUG:root:Start T-werte erfassen
DEBUG:root:t-liste sortieren und werte löschen
DEBUG:root:Mittelwerte berechnen
DEBUG:root:Mittelwert 1 in T umrechnen
DEBUG:root:Mittelwert 2 in T umrechnen
DEBUG:root:Zeitpunkt der mittleren temperatur auslesen
DEBUG:root:Werte sind vorhanden --> schreiben in .csv t=1477321191.4120293 T1=65.37 T2=223.02
DEBUG:root:Werte in .csv geschrieben
DEBUG:root:Start T-werte erfassen
DEBUG:root:t-liste sortieren und werte löschen
DEBUG:root:Mittelwerte berechnen
DEBUG:root:Mittelwert 1 in T umrechnen
DEBUG:root:Mittelwert 2 in T umrechnen
DEBUG:root:Zeitpunkt der mittleren temperatur auslesen
DEBUG:root:Werte sind vorhanden --> schreiben in .csv t=1477321201.4254441 T1=65.8 T2=220.43
DEBUG:root:Werte in .csv geschrieben
DEBUG:root:Start T-werte erfassen
DEBUG:root:t-liste sortieren und werte löschen
DEBUG:root:Mittelwerte berechnen
DEBUG:root:Mittelwert 1 in T umrechnen
DEBUG:root:Mittelwert 2 in T umrechnen
DEBUG:root:Zeitpunkt der mittleren temperatur auslesen
DEBUG:root:Werte sind vorhanden --> schreiben in .csv t=1477321211.4409606 T1=64.68 T2=219.43
DEBUG:root:Werte in .csv geschrieben
DEBUG:root:Start T-werte erfassen
DEBUG:root:t-liste sortieren und werte löschen
DEBUG:root:Mittelwerte berechnen
DEBUG:root:Mittelwert 1 in T umrechnen
DEBUG:root:Mittelwert 2 in T umrechnen
DEBUG:root:Zeitpunkt der mittleren temperatur auslesen
DEBUG:root:Werte sind vorhanden --> schreiben in .csv t=1477321221.45595 T1=64.51 T2=223.02
DEBUG:root:Werte in .csv geschrieben
DEBUG:root:Start T-werte erfassen
DEBUG:root:t-liste sortieren und werte löschen
DEBUG:root:Mittelwerte berechnen
DEBUG:root:Mittelwert 1 in T umrechnen
DEBUG:root:Mittelwert 2 in T umrechnen
DEBUG:root:Zeitpunkt der mittleren temperatur auslesen
DEBUG:root:Werte sind vorhanden --> schreiben in .csv t=1477321231.4715304 T1=64.33 T2=222.15
DEBUG:root:Werte in .csv geschrieben
DEBUG:root:Start T-werte erfassen
DEBUG:root:t-liste sortieren und werte löschen
DEBUG:root:Mittelwerte berechnen
DEBUG:root:Mittelwert 1 in T umrechnen
DEBUG:root:Mittelwert 2 in T umrechnen
DEBUG:root:Zeitpunkt der mittleren temperatur auslesen
DEBUG:root:Werte sind vorhanden --> schreiben in .csv t=1477321241.4865434 T1=64.33 T2=223.02
DEBUG:root:Werte in .csv geschrieben
DEBUG:root:Start T-werte erfassen
DEBUG:root:t-liste sortieren und werte löschen
DEBUG:root:Mittelwerte berechnen
DEBUG:root:Mittelwert 1 in T umrechnen
DEBUG:root:Mittelwert 2 in T umrechnen
DEBUG:root:Zeitpunkt der mittleren temperatur auslesen
DEBUG:root:Werte sind vorhanden --> schreiben in .csv t=1477321251.5085588 T1=64.59 T2=226.21
DEBUG:root:Werte in .csv geschrieben
DEBUG:root:Start T-werte erfassen
DEBUG:root:t-liste sortieren und werte löschen
DEBUG:root:Mittelwerte berechnen
DEBUG:root:Mittelwert 1 in T umrechnen
DEBUG:root:Mittelwert 2 in T umrechnen
DEBUG:root:Zeitpunkt der mittleren temperatur auslesen
DEBUG:root:Werte sind vorhanden --> schreiben in .csv t=1477321261.523659 T1=64.42 T2=222.01
DEBUG:root:Werte in .csv geschrieben
DEBUG:root:Start T-werte erfassen
DEBUG:root:t-liste sortieren und werte löschen
DEBUG:root:Mittelwerte berechnen
DEBUG:root:Mittelwert 1 in T umrechnen
DEBUG:root:Mittelwert 2 in T umrechnen
DEBUG:root:Zeitpunkt der mittleren temperatur auslesen
DEBUG:root:Werte sind vorhanden --> schreiben in .csv t=1477321271.539486 T1=64.42 T2=221.72
DEBUG:root:Werte in .csv geschrieben
DEBUG:root:Start T-werte erfassen
DEBUG:root:t-liste sortieren und werte löschen
DEBUG:root:Mittelwerte berechnen
DEBUG:root:Mittelwert 1 in T umrechnen
DEBUG:root:Mittelwert 2 in T umrechnen
DEBUG:root:Zeitpunkt der mittleren temperatur auslesen
DEBUG:root:Werte sind vorhanden --> schreiben in .csv t=1477321281.5533073 T1=64.68 T2=221.86
DEBUG:root:Werte in .csv geschrieben
DEBUG:root:Start T-werte erfassen
DEBUG:root:t-liste sortieren und werte löschen
DEBUG:root:Mittelwerte berechnen
DEBUG:root:Mittelwert 1 in T umrechnen
DEBUG:root:Mittelwert 2 in T umrechnen
DEBUG:root:Zeitpunkt der mittleren temperatur auslesen
DEBUG:root:Werte sind vorhanden --> schreiben in .csv t=1477321291.568343 T1=64.16 T2=221.58
DEBUG:root:Werte in .csv geschrieben
DEBUG:root:Start T-werte erfassen
